{"contracts/PaymentModule.sol":{"l":{"18":3,"19":3,"20":3,"24":2,"25":2,"26":2,"35":27,"36":27,"37":23,"38":21,"40":21,"41":26,"44":21,"48":27,"50":25,"51":34,"53":23,"57":22,"59":20,"60":25,"63":20,"64":21,"65":20,"66":20,"67":20,"71":20,"75":1,"76":1,"80":1,"90":34,"92":34,"94":34,"96":32,"98":28,"99":28,"100":37,"102":26,"111":7,"112":5,"116":1,"124":10,"125":6,"126":5,"138":11,"140":9,"142":7,"144":5,"145":5,"146":7,"148":5,"153":5,"154":5},"path":"/home/svm/src/treetrunk-nft/solidity/contracts/PaymentModule.sol","s":{"1":3,"2":3,"3":3,"4":2,"5":2,"6":2,"7":27,"8":27,"9":23,"10":21,"11":21,"12":26,"13":21,"14":27,"15":2,"16":25,"17":34,"18":2,"19":23,"20":22,"21":20,"22":25,"23":20,"24":21,"25":20,"26":20,"27":1,"28":1,"29":1,"30":34,"31":34,"32":34,"33":32,"34":28,"35":28,"36":37,"37":26,"38":7,"39":5,"40":1,"41":10,"42":6,"43":5,"44":4,"45":11,"46":9,"47":7,"48":5,"49":5,"50":7,"51":5,"52":5},"b":{"1":[3,0],"2":[2,0],"3":[27,0],"4":[23,4],"5":[21,2],"6":[2,25],"7":[2,32],"8":[20,2],"9":[20,1],"10":[1,0],"11":[34,0],"12":[34,0],"13":[32,2],"14":[28,4],"15":[35,2],"16":[5,2],"17":[6,4],"18":[5,1],"19":[9,2],"20":[7,2],"21":[5,2],"22":[7,0],"23":[5,0]},"f":{"1":3,"2":2,"3":27,"4":27,"5":22,"6":1,"7":1,"8":34,"9":7,"10":1,"11":10,"12":11,"13":5},"fnMap":{"1":{"name":"constructor","line":17,"loc":{"start":{"line":17,"column":4},"end":{"line":21,"column":4}}},"2":{"name":"updatelistinglimit","line":23,"loc":{"start":{"line":23,"column":4},"end":{"line":27,"column":4}}},"3":{"name":"addListNFT","line":34,"loc":{"start":{"line":29,"column":4},"end":{"line":45,"column":4}}},"4":{"name":"existsInListNFT","line":47,"loc":{"start":{"line":47,"column":4},"end":{"line":54,"column":4}}},"5":{"name":"removeListNFT","line":56,"loc":{"start":{"line":56,"column":4},"end":{"line":72,"column":4}}},"6":{"name":"getListNFT","line":74,"loc":{"start":{"line":74,"column":4},"end":{"line":77,"column":4}}},"7":{"name":"getAllListNFT","line":79,"loc":{"start":{"line":79,"column":4},"end":{"line":81,"column":4}}},"8":{"name":"isValidPaymentMetadata","line":83,"loc":{"start":{"line":83,"column":4},"end":{"line":103,"column":4}}},"9":{"name":"addRegisterPayment","line":110,"loc":{"start":{"line":105,"column":4},"end":{"line":113,"column":4}}},"10":{"name":"getRegisterPayment","line":115,"loc":{"start":{"line":115,"column":4},"end":{"line":117,"column":4}}},"11":{"name":"checkRegisterPayment","line":119,"loc":{"start":{"line":119,"column":4},"end":{"line":128,"column":4}}},"12":{"name":"checkRegisterPayment","line":132,"loc":{"start":{"line":132,"column":4},"end":{"line":149,"column":4}}},"13":{"name":"removeRegisterPayment","line":152,"loc":{"start":{"line":152,"column":4},"end":{"line":155,"column":4}}}},"statementMap":{"1":{"start":{"line":18,"column":8},"end":{"line":18,"column":31}},"2":{"start":{"line":19,"column":8},"end":{"line":19,"column":62}},"3":{"start":{"line":20,"column":8},"end":{"line":20,"column":43}},"4":{"start":{"line":24,"column":8},"end":{"line":24,"column":62}},"5":{"start":{"line":25,"column":8},"end":{"line":25,"column":43}},"6":{"start":{"line":26,"column":8},"end":{"line":26,"column":19}},"7":{"start":{"line":35,"column":8},"end":{"line":35,"column":51}},"8":{"start":{"line":36,"column":8},"end":{"line":36,"column":60}},"9":{"start":{"line":37,"column":8},"end":{"line":37,"column":76}},"10":{"start":{"line":38,"column":8},"end":{"line":38,"column":119}},"11":{"start":{"line":40,"column":8},"end":{"line":40,"column":1671}},"12":{"start":{"line":41,"column":12},"end":{"line":41,"column":40}},"13":{"start":{"line":44,"column":8},"end":{"line":44,"column":38}},"14":{"start":{"line":48,"column":8},"end":{"line":48,"column":68}},"15":{"start":{"line":48,"column":57},"end":{"line":48,"column":68}},"16":{"start":{"line":50,"column":8},"end":{"line":50,"column":2020}},"17":{"start":{"line":51,"column":12},"end":{"line":51,"column":51}},"18":{"start":{"line":51,"column":40},"end":{"line":51,"column":51}},"19":{"start":{"line":53,"column":8},"end":{"line":53,"column":20}},"20":{"start":{"line":57,"column":8},"end":{"line":57,"column":96}},"21":{"start":{"line":59,"column":8},"end":{"line":59,"column":2361}},"22":{"start":{"line":60,"column":12},"end":{"line":60,"column":64}},"23":{"start":{"line":63,"column":8},"end":{"line":63,"column":2545}},"24":{"start":{"line":64,"column":12},"end":{"line":64,"column":2614}},"25":{"start":{"line":65,"column":16},"end":{"line":65,"column":73}},"26":{"start":{"line":66,"column":16},"end":{"line":66,"column":34}},"27":{"start":{"line":75,"column":8},"end":{"line":75,"column":76}},"28":{"start":{"line":76,"column":8},"end":{"line":76,"column":33}},"29":{"start":{"line":80,"column":8},"end":{"line":80,"column":28}},"30":{"start":{"line":90,"column":8},"end":{"line":90,"column":80}},"31":{"start":{"line":92,"column":8},"end":{"line":92,"column":89}},"32":{"start":{"line":94,"column":8},"end":{"line":94,"column":77}},"33":{"start":{"line":96,"column":8},"end":{"line":96,"column":122}},"34":{"start":{"line":98,"column":8},"end":{"line":98,"column":75}},"35":{"start":{"line":99,"column":8},"end":{"line":99,"column":4081}},"36":{"start":{"line":100,"column":12},"end":{"line":100,"column":87}},"37":{"start":{"line":102,"column":8},"end":{"line":102,"column":19}},"38":{"start":{"line":111,"column":8},"end":{"line":111,"column":100}},"39":{"start":{"line":112,"column":8},"end":{"line":112,"column":137}},"40":{"start":{"line":116,"column":8},"end":{"line":116,"column":41}},"41":{"start":{"line":124,"column":8},"end":{"line":124,"column":5036}},"42":{"start":{"line":125,"column":12},"end":{"line":125,"column":104}},"43":{"start":{"line":126,"column":12},"end":{"line":126,"column":53}},"44":{"start":{"line":127,"column":15},"end":{"line":127,"column":23}},"45":{"start":{"line":138,"column":8},"end":{"line":138,"column":90}},"46":{"start":{"line":140,"column":8},"end":{"line":140,"column":86}},"47":{"start":{"line":142,"column":8},"end":{"line":142,"column":105}},"48":{"start":{"line":144,"column":8},"end":{"line":144,"column":75}},"49":{"start":{"line":145,"column":8},"end":{"line":145,"column":6055}},"50":{"start":{"line":146,"column":12},"end":{"line":146,"column":77}},"51":{"start":{"line":148,"column":8},"end":{"line":148,"column":19}},"52":{"start":{"line":153,"column":8},"end":{"line":153,"column":86}}},"branchMap":{"1":{"line":19,"type":"if","locations":[{"start":{"line":19,"column":8},"end":{"line":19,"column":8}},{"start":{"line":19,"column":8},"end":{"line":19,"column":8}}]},"2":{"line":24,"type":"if","locations":[{"start":{"line":24,"column":8},"end":{"line":24,"column":8}},{"start":{"line":24,"column":8},"end":{"line":24,"column":8}}]},"3":{"line":35,"type":"if","locations":[{"start":{"line":35,"column":8},"end":{"line":35,"column":8}},{"start":{"line":35,"column":8},"end":{"line":35,"column":8}}]},"4":{"line":36,"type":"if","locations":[{"start":{"line":36,"column":8},"end":{"line":36,"column":8}},{"start":{"line":36,"column":8},"end":{"line":36,"column":8}}]},"5":{"line":37,"type":"if","locations":[{"start":{"line":37,"column":8},"end":{"line":37,"column":8}},{"start":{"line":37,"column":8},"end":{"line":37,"column":8}}]},"6":{"line":48,"type":"if","locations":[{"start":{"line":48,"column":8},"end":{"line":48,"column":8}},{"start":{"line":48,"column":8},"end":{"line":48,"column":8}}]},"7":{"line":51,"type":"if","locations":[{"start":{"line":51,"column":12},"end":{"line":51,"column":12}},{"start":{"line":51,"column":12},"end":{"line":51,"column":12}}]},"8":{"line":57,"type":"if","locations":[{"start":{"line":57,"column":8},"end":{"line":57,"column":8}},{"start":{"line":57,"column":8},"end":{"line":57,"column":8}}]},"9":{"line":64,"type":"if","locations":[{"start":{"line":64,"column":12},"end":{"line":64,"column":12}},{"start":{"line":64,"column":12},"end":{"line":64,"column":12}}]},"10":{"line":75,"type":"if","locations":[{"start":{"line":75,"column":8},"end":{"line":75,"column":8}},{"start":{"line":75,"column":8},"end":{"line":75,"column":8}}]},"11":{"line":90,"type":"if","locations":[{"start":{"line":90,"column":8},"end":{"line":90,"column":8}},{"start":{"line":90,"column":8},"end":{"line":90,"column":8}}]},"12":{"line":92,"type":"if","locations":[{"start":{"line":92,"column":8},"end":{"line":92,"column":8}},{"start":{"line":92,"column":8},"end":{"line":92,"column":8}}]},"13":{"line":94,"type":"if","locations":[{"start":{"line":94,"column":8},"end":{"line":94,"column":8}},{"start":{"line":94,"column":8},"end":{"line":94,"column":8}}]},"14":{"line":96,"type":"if","locations":[{"start":{"line":96,"column":8},"end":{"line":96,"column":8}},{"start":{"line":96,"column":8},"end":{"line":96,"column":8}}]},"15":{"line":100,"type":"if","locations":[{"start":{"line":100,"column":12},"end":{"line":100,"column":12}},{"start":{"line":100,"column":12},"end":{"line":100,"column":12}}]},"16":{"line":111,"type":"if","locations":[{"start":{"line":111,"column":8},"end":{"line":111,"column":8}},{"start":{"line":111,"column":8},"end":{"line":111,"column":8}}]},"17":{"line":124,"type":"if","locations":[{"start":{"line":124,"column":8},"end":{"line":124,"column":8}},{"start":{"line":124,"column":8},"end":{"line":124,"column":8}}]},"18":{"line":125,"type":"if","locations":[{"start":{"line":125,"column":12},"end":{"line":125,"column":12}},{"start":{"line":125,"column":12},"end":{"line":125,"column":12}}]},"19":{"line":138,"type":"if","locations":[{"start":{"line":138,"column":8},"end":{"line":138,"column":8}},{"start":{"line":138,"column":8},"end":{"line":138,"column":8}}]},"20":{"line":140,"type":"if","locations":[{"start":{"line":140,"column":8},"end":{"line":140,"column":8}},{"start":{"line":140,"column":8},"end":{"line":140,"column":8}}]},"21":{"line":142,"type":"if","locations":[{"start":{"line":142,"column":8},"end":{"line":142,"column":8}},{"start":{"line":142,"column":8},"end":{"line":142,"column":8}}]},"22":{"line":146,"type":"if","locations":[{"start":{"line":146,"column":12},"end":{"line":146,"column":12}},{"start":{"line":146,"column":12},"end":{"line":146,"column":12}}]},"23":{"line":153,"type":"if","locations":[{"start":{"line":153,"column":8},"end":{"line":153,"column":8}},{"start":{"line":153,"column":8},"end":{"line":153,"column":8}}]}}},"contracts/RoyaltyBearingToken.sol":{"l":{"32":3,"33":3,"34":3,"36":3,"37":3,"38":3,"39":3,"40":3,"42":3,"44":3,"45":9,"49":3,"53":3,"54":1,"55":1,"56":1,"57":1,"62":4,"63":2,"68":5,"69":3,"75":6,"76":4,"77":4,"81":1,"94":4,"95":4,"97":2,"98":2,"100":2,"102":0,"103":0,"104":0,"111":3,"112":1,"113":1,"122":649,"124":648,"128":15,"129":13,"130":3,"132":10,"134":11,"136":9,"137":9,"138":9,"142":1,"157":35,"158":34,"166":16,"167":16,"169":16,"189":54,"190":52,"192":50,"194":48,"195":0,"197":48,"201":46,"204":44,"205":654,"208":654,"211":652,"212":2,"216":652,"219":652,"220":641,"223":639,"224":637,"225":637,"227":637,"228":637,"234":648,"237":648,"241":648,"244":648,"247":648,"250":648,"251":646,"255":648,"262":5,"263":3,"264":1,"266":1,"271":2,"275":1,"279":3,"280":1,"284":3,"285":1,"293":649,"297":1,"301":1,"305":9,"308":5,"310":3,"312":1,"314":1,"315":1,"317":1,"318":1,"320":1,"321":1,"322":1,"332":1,"340":2,"344":38,"348":60,"361":33,"362":48,"363":44,"366":27,"367":21,"371":5,"372":3,"373":1,"377":45,"378":62,"379":60,"393":43,"394":41,"395":37,"397":35,"399":29,"402":21,"403":21,"407":21,"408":21,"410":19,"413":19,"415":19,"419":19,"420":5,"425":14,"428":14,"431":17,"441":9,"445":4,"446":4,"448":2,"449":2,"451":1,"452":1,"455":1,"456":1,"458":2,"460":2,"471":19,"482":19,"483":17,"484":15,"485":13,"488":11,"490":5,"497":3,"500":3,"511":19,"516":19,"518":19,"520":3,"524":19,"526":19,"528":24,"532":24,"536":24,"540":24,"541":24,"544":24,"547":19,"555":5,"557":5,"559":5,"561":5,"563":2,"566":2,"569":2,"572":1,"583":12,"584":6,"594":30,"595":26,"597":26,"600":26,"601":5,"602":5,"606":21,"607":21,"610":26},"path":"/home/svm/src/treetrunk-nft/solidity/contracts/RoyaltyBearingToken.sol","s":{"1":3,"2":3,"3":3,"4":3,"5":3,"6":3,"7":3,"8":3,"9":3,"10":3,"11":9,"12":3,"13":3,"14":1,"15":1,"16":1,"17":1,"18":4,"19":2,"20":5,"21":3,"22":6,"23":4,"24":4,"25":1,"26":4,"27":4,"28":2,"29":2,"30":2,"31":0,"32":0,"33":0,"34":3,"35":1,"36":1,"37":649,"38":648,"39":15,"40":13,"41":3,"42":10,"43":11,"44":9,"45":9,"46":9,"47":1,"48":35,"49":34,"50":16,"51":16,"52":16,"53":54,"54":52,"55":50,"56":48,"57":0,"58":48,"59":46,"60":44,"61":654,"62":654,"63":652,"64":2,"65":652,"66":652,"67":641,"68":639,"69":637,"70":637,"71":637,"72":637,"73":648,"74":648,"75":648,"76":648,"77":648,"78":648,"79":646,"80":648,"81":5,"82":3,"83":1,"84":1,"85":2,"86":1,"87":3,"88":1,"89":3,"90":1,"91":649,"92":1,"93":1,"94":9,"95":5,"96":3,"97":1,"98":1,"99":1,"100":1,"101":1,"102":1,"103":1,"104":2,"105":38,"106":60,"107":33,"108":48,"109":44,"110":27,"111":21,"112":5,"113":3,"114":1,"115":45,"116":62,"117":60,"118":43,"119":41,"120":37,"121":35,"122":29,"123":21,"124":21,"125":21,"126":19,"127":19,"128":19,"129":19,"130":5,"131":14,"132":14,"133":14,"134":17,"135":9,"136":4,"137":4,"138":2,"139":2,"140":1,"141":1,"142":1,"143":1,"144":2,"145":2,"146":19,"147":19,"148":17,"149":15,"150":13,"151":11,"152":5,"153":3,"154":3,"155":19,"156":19,"157":19,"158":3,"159":19,"160":19,"161":24,"162":24,"163":24,"164":24,"165":24,"166":24,"167":24,"168":19,"169":5,"170":5,"171":5,"172":5,"173":2,"174":3,"175":2,"176":2,"177":1,"178":12,"179":6,"180":30,"181":26,"182":26,"183":26,"184":5,"185":5,"186":21,"187":21,"188":26},"b":{"1":[3,0],"2":[3,0],"3":[3,0],"4":[1,2],"5":[1,0],"6":[2,2],"7":[3,2],"8":[4,2],"9":[4,0],"10":[2,2],"11":[0,2],"12":[0,0],"13":[1,2],"14":[648,1],"15":[13,2],"16":[3,10],"17":[8,2],"18":[9,2],"19":[34,1],"20":[52,2],"21":[50,2],"22":[48,2],"23":[0,48],"24":[0,0],"25":[46,2],"26":[44,2],"27":[652,2],"28":[2,650],"29":[641,11],"30":[639,2],"31":[637,2],"32":[637,0],"33":[646,2],"34":[3,2],"35":[1,2],"36":[1,2],"37":[1,2],"38":[5,4],"39":[3,2],"40":[1,0],"41":[44,4],"42":[42,2],"43":[3,2],"44":[60,2],"45":[54,6],"46":[41,2],"47":[37,4],"48":[35,2],"49":[19,2],"50":[19,0],"51":[5,14],"52":[14,0],"53":[2,2],"54":[1,1],"55":[1,0],"56":[1,0],"57":[17,2],"58":[15,2],"59":[13,2],"60":[11,2],"61":[5,6],"62":[19,0],"63":[3,16],"64":[3,0],"65":[24,0],"66":[2,3],"67":[2,1],"68":[6,6],"69":[5,21],"70":[5,0],"71":[21,0]},"f":{"1":3,"2":3,"3":4,"4":5,"5":6,"6":1,"7":4,"8":3,"9":649,"10":15,"11":1,"12":35,"13":16,"14":54,"15":5,"16":2,"17":1,"18":3,"19":3,"20":649,"21":1,"22":1,"23":9,"24":1,"25":2,"26":38,"27":60,"28":33,"29":5,"30":45,"31":43,"32":9,"33":4,"34":19,"35":19,"36":5,"37":12,"38":30},"fnMap":{"1":{"name":"constructor","line":31,"loc":{"start":{"line":23,"column":4},"end":{"line":50,"column":4}}},"2":{"name":"init","line":52,"loc":{"start":{"line":52,"column":4},"end":{"line":58,"column":4}}},"3":{"name":"updatelistinglimit","line":60,"loc":{"start":{"line":60,"column":4},"end":{"line":64,"column":4}}},"4":{"name":"updateRAccountLimits","line":66,"loc":{"start":{"line":66,"column":4},"end":{"line":70,"column":4}}},"5":{"name":"updateMaxGenerations","line":73,"loc":{"start":{"line":73,"column":4},"end":{"line":78,"column":4}}},"6":{"name":"getModules","line":80,"loc":{"start":{"line":80,"column":4},"end":{"line":82,"column":4}}},"7":{"name":"delegateAuthority","line":85,"loc":{"start":{"line":85,"column":4},"end":{"line":105,"column":4}}},"8":{"name":"setFunctionSignature","line":110,"loc":{"start":{"line":110,"column":4},"end":{"line":114,"column":4}}},"9":{"name":"onERC721Received","line":116,"loc":{"start":{"line":116,"column":4},"end":{"line":125,"column":4}}},"10":{"name":"addAllowedTokenType","line":127,"loc":{"start":{"line":127,"column":4},"end":{"line":139,"column":4}}},"11":{"name":"getAllowedTokens","line":141,"loc":{"start":{"line":141,"column":4},"end":{"line":143,"column":4}}},"12":{"name":"getRoyaltyAccount","line":147,"loc":{"start":{"line":147,"column":4},"end":{"line":159,"column":4}}},"13":{"name":"updateRoyaltyAccount","line":165,"loc":{"start":{"line":165,"column":4},"end":{"line":170,"column":4}}},"14":{"name":"mint","line":184,"loc":{"start":{"line":184,"column":4},"end":{"line":257,"column":4}}},"15":{"name":"updateMaxChildren","line":260,"loc":{"start":{"line":260,"column":4},"end":{"line":267,"column":4}}},"16":{"name":"tokenURI","line":270,"loc":{"start":{"line":270,"column":4},"end":{"line":272,"column":4}}},"17":{"name":"_baseURI","line":274,"loc":{"start":{"line":274,"column":4},"end":{"line":276,"column":4}}},"18":{"name":"pause","line":278,"loc":{"start":{"line":278,"column":4},"end":{"line":281,"column":4}}},"19":{"name":"unpause","line":283,"loc":{"start":{"line":283,"column":4},"end":{"line":286,"column":4}}},"20":{"name":"_beforeTokenTransfer","line":288,"loc":{"start":{"line":288,"column":4},"end":{"line":294,"column":4}}},"21":{"name":"supportsInterface","line":296,"loc":{"start":{"line":296,"column":4},"end":{"line":298,"column":4}}},"22":{"name":"_burn","line":300,"loc":{"start":{"line":300,"column":4},"end":{"line":302,"column":4}}},"23":{"name":"burn","line":304,"loc":{"start":{"line":304,"column":4},"end":{"line":325,"column":4}}},"24":{"name":"transferFrom","line":327,"loc":{"start":{"line":327,"column":4},"end":{"line":333,"column":4}}},"25":{"name":"safeTransferFrom","line":335,"loc":{"start":{"line":335,"column":4},"end":{"line":341,"column":4}}},"26":{"name":"_getTokenBalance","line":343,"loc":{"start":{"line":343,"column":4},"end":{"line":345,"column":4}}},"27":{"name":"_isEthToken","line":347,"loc":{"start":{"line":347,"column":4},"end":{"line":349,"column":4}}},"28":{"name":"listNFT","line":352,"loc":{"start":{"line":352,"column":4},"end":{"line":368,"column":4}}},"29":{"name":"removeNFTListing","line":370,"loc":{"start":{"line":370,"column":4},"end":{"line":374,"column":4}}},"30":{"name":"_requireExistsAndOwned","line":376,"loc":{"start":{"line":376,"column":4},"end":{"line":381,"column":4}}},"31":{"name":"executePayment","line":392,"loc":{"start":{"line":385,"column":4},"end":{"line":432,"column":4}}},"32":{"name":"checkPayment","line":434,"loc":{"start":{"line":434,"column":4},"end":{"line":442,"column":4}}},"33":{"name":"reversePayment","line":444,"loc":{"start":{"line":444,"column":4},"end":{"line":461,"column":4}}},"34":{"name":"safeTransferFrom","line":464,"loc":{"start":{"line":464,"column":4},"end":{"line":501,"column":4}}},"35":{"name":"_safeTransferFrom","line":504,"loc":{"start":{"line":504,"column":4},"end":{"line":548,"column":4}}},"36":{"name":null,"line":553,"loc":{"start":{"line":553,"column":4},"end":{"line":574,"column":4}}},"37":{"name":"royaltyPayOut","line":577,"loc":{"start":{"line":577,"column":4},"end":{"line":585,"column":4}}},"38":{"name":"_royaltyPayOut","line":588,"loc":{"start":{"line":588,"column":4},"end":{"line":611,"column":4}}}},"statementMap":{"1":{"start":{"line":32,"column":8},"end":{"line":32,"column":74}},"2":{"start":{"line":33,"column":8},"end":{"line":33,"column":78}},"3":{"start":{"line":34,"column":8},"end":{"line":34,"column":101}},"4":{"start":{"line":36,"column":8},"end":{"line":36,"column":35}},"5":{"start":{"line":37,"column":8},"end":{"line":37,"column":51}},"6":{"start":{"line":38,"column":8},"end":{"line":38,"column":44}},"7":{"start":{"line":39,"column":8},"end":{"line":39,"column":44}},"8":{"start":{"line":40,"column":8},"end":{"line":40,"column":47}},"9":{"start":{"line":42,"column":8},"end":{"line":42,"column":39}},"10":{"start":{"line":44,"column":8},"end":{"line":44,"column":1981}},"11":{"start":{"line":45,"column":12},"end":{"line":45,"column":78}},"12":{"start":{"line":49,"column":8},"end":{"line":49,"column":34}},"13":{"start":{"line":53,"column":8},"end":{"line":53,"column":51}},"14":{"start":{"line":54,"column":8},"end":{"line":54,"column":80}},"15":{"start":{"line":55,"column":8},"end":{"line":55,"column":58}},"16":{"start":{"line":56,"column":8},"end":{"line":56,"column":58}},"17":{"start":{"line":57,"column":8},"end":{"line":57,"column":22}},"18":{"start":{"line":62,"column":8},"end":{"line":62,"column":109}},"19":{"start":{"line":63,"column":8},"end":{"line":63,"column":65}},"20":{"start":{"line":68,"column":8},"end":{"line":68,"column":109}},"21":{"start":{"line":69,"column":8},"end":{"line":69,"column":82}},"22":{"start":{"line":75,"column":8},"end":{"line":75,"column":109}},"23":{"start":{"line":76,"column":8},"end":{"line":76,"column":37}},"24":{"start":{"line":77,"column":8},"end":{"line":77,"column":19}},"25":{"start":{"line":81,"column":8},"end":{"line":81,"column":63}},"26":{"start":{"line":94,"column":8},"end":{"line":94,"column":60}},"27":{"start":{"line":95,"column":8},"end":{"line":95,"column":67}},"28":{"start":{"line":97,"column":8},"end":{"line":97,"column":109}},"29":{"start":{"line":98,"column":8},"end":{"line":98,"column":79}},"30":{"start":{"line":100,"column":8},"end":{"line":100,"column":61}},"31":{"start":{"line":102,"column":8},"end":{"line":102,"column":60}},"32":{"start":{"line":103,"column":8},"end":{"line":103,"column":23}},"33":{"start":{"line":104,"column":8},"end":{"line":104,"column":19}},"34":{"start":{"line":111,"column":8},"end":{"line":111,"column":130}},"35":{"start":{"line":112,"column":8},"end":{"line":112,"column":41}},"36":{"start":{"line":113,"column":8},"end":{"line":113,"column":19}},"37":{"start":{"line":122,"column":8},"end":{"line":122,"column":49}},"38":{"start":{"line":124,"column":8},"end":{"line":124,"column":83}},"39":{"start":{"line":128,"column":8},"end":{"line":128,"column":80}},"40":{"start":{"line":129,"column":8},"end":{"line":129,"column":5810}},"41":{"start":{"line":130,"column":12},"end":{"line":130,"column":39}},"42":{"start":{"line":132,"column":12},"end":{"line":132,"column":102}},"43":{"start":{"line":134,"column":8},"end":{"line":134,"column":77}},"44":{"start":{"line":136,"column":8},"end":{"line":136,"column":53}},"45":{"start":{"line":137,"column":8},"end":{"line":137,"column":42}},"46":{"start":{"line":138,"column":8},"end":{"line":138,"column":67}},"47":{"start":{"line":142,"column":8},"end":{"line":142,"column":33}},"48":{"start":{"line":157,"column":8},"end":{"line":157,"column":54}},"49":{"start":{"line":158,"column":8},"end":{"line":158,"column":48}},"50":{"start":{"line":166,"column":8},"end":{"line":166,"column":53}},"51":{"start":{"line":167,"column":8},"end":{"line":167,"column":65}},"52":{"start":{"line":169,"column":8},"end":{"line":169,"column":99}},"53":{"start":{"line":189,"column":8},"end":{"line":189,"column":62}},"54":{"start":{"line":190,"column":8},"end":{"line":190,"column":124}},"55":{"start":{"line":192,"column":8},"end":{"line":192,"column":75}},"56":{"start":{"line":194,"column":8},"end":{"line":194,"column":8413}},"57":{"start":{"line":195,"column":12},"end":{"line":195,"column":63}},"58":{"start":{"line":197,"column":12},"end":{"line":197,"column":64}},"59":{"start":{"line":201,"column":8},"end":{"line":201,"column":84}},"60":{"start":{"line":204,"column":8},"end":{"line":204,"column":8784}},"61":{"start":{"line":205,"column":12},"end":{"line":205,"column":48}},"62":{"start":{"line":208,"column":12},"end":{"line":208,"column":88}},"63":{"start":{"line":211,"column":12},"end":{"line":211,"column":9152}},"64":{"start":{"line":212,"column":16},"end":{"line":212,"column":51}},"65":{"start":{"line":216,"column":12},"end":{"line":216,"column":55}},"66":{"start":{"line":219,"column":12},"end":{"line":219,"column":9397}},"67":{"start":{"line":220,"column":16},"end":{"line":220,"column":74}},"68":{"start":{"line":223,"column":16},"end":{"line":223,"column":98}},"69":{"start":{"line":224,"column":16},"end":{"line":224,"column":118}},"70":{"start":{"line":225,"column":16},"end":{"line":225,"column":60}},"71":{"start":{"line":227,"column":16},"end":{"line":227,"column":56}},"72":{"start":{"line":228,"column":16},"end":{"line":228,"column":89}},"73":{"start":{"line":234,"column":12},"end":{"line":234,"column":44}},"74":{"start":{"line":237,"column":12},"end":{"line":237,"column":38}},"75":{"start":{"line":241,"column":12},"end":{"line":241,"column":32}},"76":{"start":{"line":244,"column":12},"end":{"line":244,"column":117}},"77":{"start":{"line":247,"column":12},"end":{"line":247,"column":43}},"78":{"start":{"line":250,"column":12},"end":{"line":250,"column":10960}},"79":{"start":{"line":251,"column":16},"end":{"line":251,"column":64}},"80":{"start":{"line":255,"column":12},"end":{"line":255,"column":38}},"81":{"start":{"line":262,"column":8},"end":{"line":262,"column":109}},"82":{"start":{"line":263,"column":8},"end":{"line":263,"column":82}},"83":{"start":{"line":264,"column":8},"end":{"line":264,"column":53}},"84":{"start":{"line":266,"column":8},"end":{"line":266,"column":19}},"85":{"start":{"line":271,"column":8},"end":{"line":271,"column":38}},"86":{"start":{"line":275,"column":8},"end":{"line":275,"column":28}},"87":{"start":{"line":279,"column":8},"end":{"line":279,"column":74}},"88":{"start":{"line":280,"column":8},"end":{"line":280,"column":15}},"89":{"start":{"line":284,"column":8},"end":{"line":284,"column":74}},"90":{"start":{"line":285,"column":8},"end":{"line":285,"column":17}},"91":{"start":{"line":293,"column":8},"end":{"line":293,"column":52}},"92":{"start":{"line":297,"column":8},"end":{"line":297,"column":51}},"93":{"start":{"line":301,"column":8},"end":{"line":301,"column":27}},"94":{"start":{"line":305,"column":8},"end":{"line":305,"column":85}},"95":{"start":{"line":308,"column":8},"end":{"line":308,"column":84}},"96":{"start":{"line":310,"column":8},"end":{"line":310,"column":50}},"97":{"start":{"line":312,"column":8},"end":{"line":312,"column":21}},"98":{"start":{"line":314,"column":8},"end":{"line":314,"column":53}},"99":{"start":{"line":315,"column":8},"end":{"line":315,"column":59}},"100":{"start":{"line":317,"column":8},"end":{"line":317,"column":13540}},"101":{"start":{"line":318,"column":12},"end":{"line":318,"column":13595}},"102":{"start":{"line":320,"column":16},"end":{"line":320,"column":87}},"103":{"start":{"line":332,"column":8},"end":{"line":332,"column":37}},"104":{"start":{"line":340,"column":8},"end":{"line":340,"column":37}},"105":{"start":{"line":344,"column":8},"end":{"line":344,"column":60}},"106":{"start":{"line":348,"column":8},"end":{"line":348,"column":91}},"107":{"start":{"line":361,"column":8},"end":{"line":361,"column":15023}},"108":{"start":{"line":362,"column":12},"end":{"line":362,"column":83}},"109":{"start":{"line":363,"column":12},"end":{"line":363,"column":104}},"110":{"start":{"line":366,"column":8},"end":{"line":366,"column":73}},"111":{"start":{"line":367,"column":8},"end":{"line":367,"column":19}},"112":{"start":{"line":371,"column":8},"end":{"line":371,"column":75}},"113":{"start":{"line":372,"column":8},"end":{"line":372,"column":43}},"114":{"start":{"line":373,"column":8},"end":{"line":373,"column":19}},"115":{"start":{"line":377,"column":8},"end":{"line":377,"column":15743}},"116":{"start":{"line":378,"column":12},"end":{"line":378,"column":64}},"117":{"start":{"line":379,"column":12},"end":{"line":379,"column":77}},"118":{"start":{"line":393,"column":8},"end":{"line":393,"column":52}},"119":{"start":{"line":394,"column":8},"end":{"line":394,"column":73}},"120":{"start":{"line":395,"column":8},"end":{"line":395,"column":67}},"121":{"start":{"line":397,"column":8},"end":{"line":397,"column":47}},"122":{"start":{"line":399,"column":8},"end":{"line":399,"column":81}},"123":{"start":{"line":402,"column":8},"end":{"line":402,"column":50}},"124":{"start":{"line":407,"column":12},"end":{"line":407,"column":85}},"125":{"start":{"line":408,"column":12},"end":{"line":408,"column":70}},"126":{"start":{"line":410,"column":12},"end":{"line":410,"column":62}},"127":{"start":{"line":413,"column":12},"end":{"line":413,"column":94}},"128":{"start":{"line":415,"column":12},"end":{"line":415,"column":109}},"129":{"start":{"line":419,"column":8},"end":{"line":419,"column":17762}},"130":{"start":{"line":420,"column":12},"end":{"line":420,"column":87}},"131":{"start":{"line":423,"column":13},"end":{"line":423,"column":18025}},"132":{"start":{"line":425,"column":12},"end":{"line":425,"column":129}},"133":{"start":{"line":428,"column":12},"end":{"line":428,"column":69}},"134":{"start":{"line":431,"column":8},"end":{"line":431,"column":19}},"135":{"start":{"line":441,"column":8},"end":{"line":441,"column":76}},"136":{"start":{"line":445,"column":8},"end":{"line":445,"column":72}},"137":{"start":{"line":446,"column":8},"end":{"line":446,"column":52}},"138":{"start":{"line":448,"column":8},"end":{"line":448,"column":20}},"139":{"start":{"line":449,"column":8},"end":{"line":449,"column":19049}},"140":{"start":{"line":451,"column":12},"end":{"line":451,"column":62}},"141":{"start":{"line":452,"column":12},"end":{"line":452,"column":49}},"142":{"start":{"line":455,"column":12},"end":{"line":455,"column":84}},"143":{"start":{"line":456,"column":12},"end":{"line":456,"column":52}},"144":{"start":{"line":458,"column":8},"end":{"line":458,"column":65}},"145":{"start":{"line":460,"column":8},"end":{"line":460,"column":22}},"146":{"start":{"line":471,"column":8},"end":{"line":471,"column":20018}},"147":{"start":{"line":482,"column":8},"end":{"line":482,"column":58}},"148":{"start":{"line":483,"column":8},"end":{"line":483,"column":58}},"149":{"start":{"line":484,"column":8},"end":{"line":484,"column":60}},"150":{"start":{"line":485,"column":8},"end":{"line":485,"column":73}},"151":{"start":{"line":488,"column":8},"end":{"line":488,"column":91}},"152":{"start":{"line":490,"column":8},"end":{"line":490,"column":49}},"153":{"start":{"line":497,"column":8},"end":{"line":497,"column":55}},"154":{"start":{"line":500,"column":8},"end":{"line":500,"column":49}},"155":{"start":{"line":511,"column":8},"end":{"line":511,"column":21692}},"156":{"start":{"line":516,"column":8},"end":{"line":516,"column":81}},"157":{"start":{"line":518,"column":8},"end":{"line":518,"column":22020}},"158":{"start":{"line":520,"column":12},"end":{"line":520,"column":88}},"159":{"start":{"line":524,"column":8},"end":{"line":524,"column":86}},"160":{"start":{"line":526,"column":8},"end":{"line":526,"column":22313}},"161":{"start":{"line":528,"column":12},"end":{"line":528,"column":70}},"162":{"start":{"line":532,"column":12},"end":{"line":532,"column":37}},"163":{"start":{"line":536,"column":12},"end":{"line":536,"column":38}},"164":{"start":{"line":540,"column":12},"end":{"line":540,"column":83}},"165":{"start":{"line":541,"column":12},"end":{"line":541,"column":96}},"166":{"start":{"line":541,"column":29},"end":{"line":541,"column":95}},"167":{"start":{"line":544,"column":12},"end":{"line":544,"column":68}},"168":{"start":{"line":547,"column":8},"end":{"line":547,"column":48}},"169":{"start":{"line":555,"column":8},"end":{"line":555,"column":148}},"170":{"start":{"line":557,"column":8},"end":{"line":557,"column":47}},"171":{"start":{"line":559,"column":8},"end":{"line":559,"column":79}},"172":{"start":{"line":561,"column":8},"end":{"line":561,"column":24086}},"173":{"start":{"line":563,"column":12},"end":{"line":563,"column":85}},"174":{"start":{"line":564,"column":15},"end":{"line":564,"column":24339}},"175":{"start":{"line":566,"column":12},"end":{"line":566,"column":132}},"176":{"start":{"line":569,"column":12},"end":{"line":569,"column":69}},"177":{"start":{"line":572,"column":12},"end":{"line":572,"column":44}},"178":{"start":{"line":583,"column":8},"end":{"line":583,"column":79}},"179":{"start":{"line":584,"column":8},"end":{"line":584,"column":75}},"180":{"start":{"line":594,"column":8},"end":{"line":594,"column":73}},"181":{"start":{"line":595,"column":8},"end":{"line":595,"column":69}},"182":{"start":{"line":597,"column":8},"end":{"line":597,"column":67}},"183":{"start":{"line":600,"column":8},"end":{"line":600,"column":25821}},"184":{"start":{"line":601,"column":12},"end":{"line":601,"column":68}},"185":{"start":{"line":602,"column":12},"end":{"line":602,"column":49}},"186":{"start":{"line":606,"column":12},"end":{"line":606,"column":90}},"187":{"start":{"line":607,"column":12},"end":{"line":607,"column":52}},"188":{"start":{"line":610,"column":8},"end":{"line":610,"column":19}}},"branchMap":{"1":{"line":32,"type":"if","locations":[{"start":{"line":32,"column":8},"end":{"line":32,"column":8}},{"start":{"line":32,"column":8},"end":{"line":32,"column":8}}]},"2":{"line":33,"type":"if","locations":[{"start":{"line":33,"column":8},"end":{"line":33,"column":8}},{"start":{"line":33,"column":8},"end":{"line":33,"column":8}}]},"3":{"line":34,"type":"if","locations":[{"start":{"line":34,"column":8},"end":{"line":34,"column":8}},{"start":{"line":34,"column":8},"end":{"line":34,"column":8}}]},"4":{"line":53,"type":"if","locations":[{"start":{"line":53,"column":8},"end":{"line":53,"column":8}},{"start":{"line":53,"column":8},"end":{"line":53,"column":8}}]},"5":{"line":54,"type":"if","locations":[{"start":{"line":54,"column":8},"end":{"line":54,"column":8}},{"start":{"line":54,"column":8},"end":{"line":54,"column":8}}]},"6":{"line":62,"type":"if","locations":[{"start":{"line":62,"column":8},"end":{"line":62,"column":8}},{"start":{"line":62,"column":8},"end":{"line":62,"column":8}}]},"7":{"line":68,"type":"if","locations":[{"start":{"line":68,"column":8},"end":{"line":68,"column":8}},{"start":{"line":68,"column":8},"end":{"line":68,"column":8}}]},"8":{"line":75,"type":"if","locations":[{"start":{"line":75,"column":8},"end":{"line":75,"column":8}},{"start":{"line":75,"column":8},"end":{"line":75,"column":8}}]},"9":{"line":94,"type":"if","locations":[{"start":{"line":94,"column":8},"end":{"line":94,"column":8}},{"start":{"line":94,"column":8},"end":{"line":94,"column":8}}]},"10":{"line":95,"type":"if","locations":[{"start":{"line":95,"column":8},"end":{"line":95,"column":8}},{"start":{"line":95,"column":8},"end":{"line":95,"column":8}}]},"11":{"line":100,"type":"if","locations":[{"start":{"line":100,"column":8},"end":{"line":100,"column":8}},{"start":{"line":100,"column":8},"end":{"line":100,"column":8}}]},"12":{"line":103,"type":"if","locations":[{"start":{"line":103,"column":8},"end":{"line":103,"column":8}},{"start":{"line":103,"column":8},"end":{"line":103,"column":8}}]},"13":{"line":111,"type":"if","locations":[{"start":{"line":111,"column":8},"end":{"line":111,"column":8}},{"start":{"line":111,"column":8},"end":{"line":111,"column":8}}]},"14":{"line":122,"type":"if","locations":[{"start":{"line":122,"column":8},"end":{"line":122,"column":8}},{"start":{"line":122,"column":8},"end":{"line":122,"column":8}}]},"15":{"line":128,"type":"if","locations":[{"start":{"line":128,"column":8},"end":{"line":128,"column":8}},{"start":{"line":128,"column":8},"end":{"line":128,"column":8}}]},"16":{"line":129,"type":"if","locations":[{"start":{"line":129,"column":8},"end":{"line":129,"column":8}},{"start":{"line":129,"column":8},"end":{"line":129,"column":8}}]},"17":{"line":132,"type":"if","locations":[{"start":{"line":132,"column":12},"end":{"line":132,"column":12}},{"start":{"line":132,"column":12},"end":{"line":132,"column":12}}]},"18":{"line":134,"type":"if","locations":[{"start":{"line":134,"column":8},"end":{"line":134,"column":8}},{"start":{"line":134,"column":8},"end":{"line":134,"column":8}}]},"19":{"line":157,"type":"if","locations":[{"start":{"line":157,"column":8},"end":{"line":157,"column":8}},{"start":{"line":157,"column":8},"end":{"line":157,"column":8}}]},"20":{"line":189,"type":"if","locations":[{"start":{"line":189,"column":8},"end":{"line":189,"column":8}},{"start":{"line":189,"column":8},"end":{"line":189,"column":8}}]},"21":{"line":190,"type":"if","locations":[{"start":{"line":190,"column":8},"end":{"line":190,"column":8}},{"start":{"line":190,"column":8},"end":{"line":190,"column":8}}]},"22":{"line":192,"type":"if","locations":[{"start":{"line":192,"column":8},"end":{"line":192,"column":8}},{"start":{"line":192,"column":8},"end":{"line":192,"column":8}}]},"23":{"line":194,"type":"if","locations":[{"start":{"line":194,"column":8},"end":{"line":194,"column":8}},{"start":{"line":194,"column":8},"end":{"line":194,"column":8}}]},"24":{"line":195,"type":"if","locations":[{"start":{"line":195,"column":12},"end":{"line":195,"column":12}},{"start":{"line":195,"column":12},"end":{"line":195,"column":12}}]},"25":{"line":197,"type":"if","locations":[{"start":{"line":197,"column":12},"end":{"line":197,"column":12}},{"start":{"line":197,"column":12},"end":{"line":197,"column":12}}]},"26":{"line":201,"type":"if","locations":[{"start":{"line":201,"column":8},"end":{"line":201,"column":8}},{"start":{"line":201,"column":8},"end":{"line":201,"column":8}}]},"27":{"line":208,"type":"if","locations":[{"start":{"line":208,"column":12},"end":{"line":208,"column":12}},{"start":{"line":208,"column":12},"end":{"line":208,"column":12}}]},"28":{"line":211,"type":"if","locations":[{"start":{"line":211,"column":12},"end":{"line":211,"column":12}},{"start":{"line":211,"column":12},"end":{"line":211,"column":12}}]},"29":{"line":219,"type":"if","locations":[{"start":{"line":219,"column":12},"end":{"line":219,"column":12}},{"start":{"line":219,"column":12},"end":{"line":219,"column":12}}]},"30":{"line":220,"type":"if","locations":[{"start":{"line":220,"column":16},"end":{"line":220,"column":16}},{"start":{"line":220,"column":16},"end":{"line":220,"column":16}}]},"31":{"line":223,"type":"if","locations":[{"start":{"line":223,"column":16},"end":{"line":223,"column":16}},{"start":{"line":223,"column":16},"end":{"line":223,"column":16}}]},"32":{"line":224,"type":"if","locations":[{"start":{"line":224,"column":16},"end":{"line":224,"column":16}},{"start":{"line":224,"column":16},"end":{"line":224,"column":16}}]},"33":{"line":250,"type":"if","locations":[{"start":{"line":250,"column":12},"end":{"line":250,"column":12}},{"start":{"line":250,"column":12},"end":{"line":250,"column":12}}]},"34":{"line":262,"type":"if","locations":[{"start":{"line":262,"column":8},"end":{"line":262,"column":8}},{"start":{"line":262,"column":8},"end":{"line":262,"column":8}}]},"35":{"line":263,"type":"if","locations":[{"start":{"line":263,"column":8},"end":{"line":263,"column":8}},{"start":{"line":263,"column":8},"end":{"line":263,"column":8}}]},"36":{"line":279,"type":"if","locations":[{"start":{"line":279,"column":8},"end":{"line":279,"column":8}},{"start":{"line":279,"column":8},"end":{"line":279,"column":8}}]},"37":{"line":284,"type":"if","locations":[{"start":{"line":284,"column":8},"end":{"line":284,"column":8}},{"start":{"line":284,"column":8},"end":{"line":284,"column":8}}]},"38":{"line":305,"type":"if","locations":[{"start":{"line":305,"column":8},"end":{"line":305,"column":8}},{"start":{"line":305,"column":8},"end":{"line":305,"column":8}}]},"39":{"line":308,"type":"if","locations":[{"start":{"line":308,"column":8},"end":{"line":308,"column":8}},{"start":{"line":308,"column":8},"end":{"line":308,"column":8}}]},"40":{"line":318,"type":"if","locations":[{"start":{"line":318,"column":12},"end":{"line":318,"column":12}},{"start":{"line":318,"column":12},"end":{"line":318,"column":12}}]},"41":{"line":362,"type":"if","locations":[{"start":{"line":362,"column":12},"end":{"line":362,"column":12}},{"start":{"line":362,"column":12},"end":{"line":362,"column":12}}]},"42":{"line":363,"type":"if","locations":[{"start":{"line":363,"column":12},"end":{"line":363,"column":12}},{"start":{"line":363,"column":12},"end":{"line":363,"column":12}}]},"43":{"line":371,"type":"if","locations":[{"start":{"line":371,"column":8},"end":{"line":371,"column":8}},{"start":{"line":371,"column":8},"end":{"line":371,"column":8}}]},"44":{"line":378,"type":"if","locations":[{"start":{"line":378,"column":12},"end":{"line":378,"column":12}},{"start":{"line":378,"column":12},"end":{"line":378,"column":12}}]},"45":{"line":379,"type":"if","locations":[{"start":{"line":379,"column":12},"end":{"line":379,"column":12}},{"start":{"line":379,"column":12},"end":{"line":379,"column":12}}]},"46":{"line":393,"type":"if","locations":[{"start":{"line":393,"column":8},"end":{"line":393,"column":8}},{"start":{"line":393,"column":8},"end":{"line":393,"column":8}}]},"47":{"line":394,"type":"if","locations":[{"start":{"line":394,"column":8},"end":{"line":394,"column":8}},{"start":{"line":394,"column":8},"end":{"line":394,"column":8}}]},"48":{"line":395,"type":"if","locations":[{"start":{"line":395,"column":8},"end":{"line":395,"column":8}},{"start":{"line":395,"column":8},"end":{"line":395,"column":8}}]},"49":{"line":408,"type":"if","locations":[{"start":{"line":408,"column":12},"end":{"line":408,"column":12}},{"start":{"line":408,"column":12},"end":{"line":408,"column":12}}]},"50":{"line":415,"type":"if","locations":[{"start":{"line":415,"column":12},"end":{"line":415,"column":12}},{"start":{"line":415,"column":12},"end":{"line":415,"column":12}}]},"51":{"line":419,"type":"if","locations":[{"start":{"line":419,"column":8},"end":{"line":419,"column":8}},{"start":{"line":419,"column":8},"end":{"line":419,"column":8}}]},"52":{"line":423,"type":"if","locations":[{"start":{"line":423,"column":13},"end":{"line":423,"column":13}},{"start":{"line":423,"column":13},"end":{"line":423,"column":13}}]},"53":{"line":446,"type":"if","locations":[{"start":{"line":446,"column":8},"end":{"line":446,"column":8}},{"start":{"line":446,"column":8},"end":{"line":446,"column":8}}]},"54":{"line":449,"type":"if","locations":[{"start":{"line":449,"column":8},"end":{"line":449,"column":8}},{"start":{"line":449,"column":8},"end":{"line":449,"column":8}}]},"55":{"line":452,"type":"if","locations":[{"start":{"line":452,"column":12},"end":{"line":452,"column":12}},{"start":{"line":452,"column":12},"end":{"line":452,"column":12}}]},"56":{"line":456,"type":"if","locations":[{"start":{"line":456,"column":12},"end":{"line":456,"column":12}},{"start":{"line":456,"column":12},"end":{"line":456,"column":12}}]},"57":{"line":482,"type":"if","locations":[{"start":{"line":482,"column":8},"end":{"line":482,"column":8}},{"start":{"line":482,"column":8},"end":{"line":482,"column":8}}]},"58":{"line":483,"type":"if","locations":[{"start":{"line":483,"column":8},"end":{"line":483,"column":8}},{"start":{"line":483,"column":8},"end":{"line":483,"column":8}}]},"59":{"line":484,"type":"if","locations":[{"start":{"line":484,"column":8},"end":{"line":484,"column":8}},{"start":{"line":484,"column":8},"end":{"line":484,"column":8}}]},"60":{"line":485,"type":"if","locations":[{"start":{"line":485,"column":8},"end":{"line":485,"column":8}},{"start":{"line":485,"column":8},"end":{"line":485,"column":8}}]},"61":{"line":488,"type":"if","locations":[{"start":{"line":488,"column":8},"end":{"line":488,"column":8}},{"start":{"line":488,"column":8},"end":{"line":488,"column":8}}]},"62":{"line":516,"type":"if","locations":[{"start":{"line":516,"column":8},"end":{"line":516,"column":8}},{"start":{"line":516,"column":8},"end":{"line":516,"column":8}}]},"63":{"line":518,"type":"if","locations":[{"start":{"line":518,"column":8},"end":{"line":518,"column":8}},{"start":{"line":518,"column":8},"end":{"line":518,"column":8}}]},"64":{"line":520,"type":"if","locations":[{"start":{"line":520,"column":12},"end":{"line":520,"column":12}},{"start":{"line":520,"column":12},"end":{"line":520,"column":12}}]},"65":{"line":541,"type":"if","locations":[{"start":{"line":541,"column":12},"end":{"line":541,"column":12}},{"start":{"line":541,"column":12},"end":{"line":541,"column":12}}]},"66":{"line":561,"type":"if","locations":[{"start":{"line":561,"column":8},"end":{"line":561,"column":8}},{"start":{"line":561,"column":8},"end":{"line":561,"column":8}}]},"67":{"line":564,"type":"if","locations":[{"start":{"line":564,"column":15},"end":{"line":564,"column":15}},{"start":{"line":564,"column":15},"end":{"line":564,"column":15}}]},"68":{"line":583,"type":"if","locations":[{"start":{"line":583,"column":8},"end":{"line":583,"column":8}},{"start":{"line":583,"column":8},"end":{"line":583,"column":8}}]},"69":{"line":600,"type":"if","locations":[{"start":{"line":600,"column":8},"end":{"line":600,"column":8}},{"start":{"line":600,"column":8},"end":{"line":600,"column":8}}]},"70":{"line":602,"type":"if","locations":[{"start":{"line":602,"column":12},"end":{"line":602,"column":12}},{"start":{"line":602,"column":12},"end":{"line":602,"column":12}}]},"71":{"line":607,"type":"if","locations":[{"start":{"line":607,"column":12},"end":{"line":607,"column":12}},{"start":{"line":607,"column":12},"end":{"line":607,"column":12}}]}}},"contracts/RoyaltyBearingTokenStorage.sol":{"l":{},"path":"/home/svm/src/treetrunk-nft/solidity/contracts/RoyaltyBearingTokenStorage.sol","s":{},"b":{},"f":{},"fnMap":{},"statementMap":{},"branchMap":{}},"contracts/RoyaltyModule.sol":{"l":{"27":3,"28":3,"29":3,"30":3,"31":3,"32":3,"33":3,"34":3,"38":3,"39":1,"40":1,"41":1,"53":34,"54":34,"68":16,"70":16,"71":16,"72":16,"73":35,"74":33,"75":33,"76":33,"77":18,"78":18,"80":18,"81":10,"82":7,"84":3,"90":15,"93":8,"96":4,"97":11,"98":11,"99":6,"101":5,"102":3,"109":3,"110":3,"111":7,"112":6,"115":1,"116":1,"117":1,"127":648,"129":648,"130":648,"131":648,"135":11,"138":11,"142":11,"146":637,"148":637,"150":637,"152":637,"155":637,"158":637,"162":637,"164":648,"165":648,"166":648,"172":24,"173":24,"181":478,"182":478,"183":478,"184":478,"186":1411,"188":1410,"189":1410,"190":1410,"192":1410,"193":956,"194":956,"198":454,"201":478,"205":44,"209":26,"213":81,"214":81,"222":30,"223":30,"224":28,"225":28,"226":28,"227":26,"231":52,"235":25,"236":25,"237":24,"247":26,"248":26,"249":26,"250":26,"261":24,"262":24,"263":24,"264":24,"267":24,"273":149,"274":149,"275":218,"276":126,"279":23,"289":1434,"294":19,"295":19,"296":19,"297":24,"298":24,"300":19},"path":"/home/svm/src/treetrunk-nft/solidity/contracts/RoyaltyModule.sol","s":{"1":3,"2":3,"3":3,"4":3,"5":3,"6":3,"7":3,"8":3,"9":3,"10":1,"11":1,"12":1,"13":34,"14":34,"15":16,"16":16,"17":16,"18":16,"19":35,"20":33,"21":33,"22":33,"23":18,"24":18,"25":18,"26":10,"27":7,"28":3,"29":15,"30":8,"31":4,"32":11,"33":11,"34":6,"35":5,"36":3,"37":3,"38":3,"39":7,"40":6,"41":648,"42":648,"43":648,"44":648,"45":11,"46":11,"47":11,"48":637,"49":637,"50":637,"51":637,"52":637,"53":637,"54":637,"55":648,"56":648,"57":648,"58":24,"59":24,"60":478,"61":478,"62":478,"63":478,"64":1411,"65":1410,"66":1410,"67":1410,"68":1410,"69":956,"70":956,"71":454,"72":478,"73":44,"74":26,"75":81,"76":81,"77":30,"78":30,"79":28,"80":28,"81":28,"82":26,"83":52,"84":25,"85":25,"86":1,"87":24,"88":26,"89":26,"90":26,"91":26,"92":24,"93":24,"94":24,"95":24,"96":24,"97":149,"98":149,"99":218,"100":126,"101":23,"102":1434,"103":19,"104":19,"105":19,"106":24,"107":24,"108":19},"b":{"1":[3,0],"2":[3,0],"3":[3,0],"4":[1,2],"5":[33,2],"6":[18,15],"7":[10,8],"8":[7,3],"9":[5,2],"10":[1,2],"11":[13,2],"12":[4,4],"13":[6,5],"14":[3,2],"15":[6,1],"16":[4,2],"17":[648,0],"18":[648,0],"19":[11,637],"20":[637,0],"21":[648,0],"22":[1,1410],"23":[956,454],"24":[28,2],"25":[28,0],"26":[26,2],"27":[1,24],"28":[26,0],"29":[26,0],"30":[24,0],"31":[24,0],"32":[126,92]},"f":{"1":3,"2":3,"3":34,"4":16,"5":3,"6":648,"7":24,"8":478,"9":44,"10":26,"11":81,"12":30,"13":52,"14":25,"15":26,"16":24,"17":149,"18":1434,"19":19},"fnMap":{"1":{"name":"constructor","line":20,"loc":{"start":{"line":20,"column":4},"end":{"line":35,"column":4}}},"2":{"name":"updateRAccountLimits","line":37,"loc":{"start":{"line":37,"column":4},"end":{"line":42,"column":4}}},"3":{"name":"getAccount","line":44,"loc":{"start":{"line":44,"column":4},"end":{"line":55,"column":4}}},"4":{"name":"updateRoyaltyAccount","line":67,"loc":{"start":{"line":62,"column":4},"end":{"line":105,"column":4}}},"5":{"name":"deleteRoyaltyAccount","line":108,"loc":{"start":{"line":108,"column":4},"end":{"line":118,"column":4}}},"6":{"name":"createRoyaltyAccount","line":126,"loc":{"start":{"line":120,"column":4},"end":{"line":167,"column":4}}},"7":{"name":"distributePayment","line":171,"loc":{"start":{"line":171,"column":4},"end":{"line":174,"column":4}}},"8":{"name":"_distributePayment","line":176,"loc":{"start":{"line":176,"column":4},"end":{"line":202,"column":4}}},"9":{"name":"isSupportedTokenType","line":204,"loc":{"start":{"line":204,"column":4},"end":{"line":206,"column":4}}},"10":{"name":"getTokenType","line":208,"loc":{"start":{"line":208,"column":4},"end":{"line":210,"column":4}}},"11":{"name":"findSubaccountIndex","line":212,"loc":{"start":{"line":212,"column":4},"end":{"line":215,"column":4}}},"12":{"name":"checkBalanceForPayout","line":217,"loc":{"start":{"line":217,"column":4},"end":{"line":228,"column":4}}},"13":{"name":"getSubaccount","line":230,"loc":{"start":{"line":230,"column":4},"end":{"line":232,"column":4}}},"14":{"name":"getBalance","line":234,"loc":{"start":{"line":234,"column":4},"end":{"line":238,"column":4}}},"15":{"name":"withdrawBalance","line":246,"loc":{"start":{"line":242,"column":4},"end":{"line":251,"column":4}}},"16":{"name":"transferRAOwnership","line":260,"loc":{"start":{"line":256,"column":4},"end":{"line":268,"column":4}}},"17":{"name":"_findSubaccountIndex","line":271,"loc":{"start":{"line":271,"column":4},"end":{"line":280,"column":4}}},"18":{"name":"mulDiv","line":284,"loc":{"start":{"line":284,"column":4},"end":{"line":290,"column":4}}},"19":{"name":"splitSum","line":293,"loc":{"start":{"line":293,"column":4},"end":{"line":301,"column":4}}}},"statementMap":{"1":{"start":{"line":27,"column":8},"end":{"line":27,"column":31}},"2":{"start":{"line":28,"column":8},"end":{"line":28,"column":71}},"3":{"start":{"line":29,"column":8},"end":{"line":29,"column":105}},"4":{"start":{"line":30,"column":8},"end":{"line":30,"column":84}},"5":{"start":{"line":31,"column":8},"end":{"line":31,"column":29}},"6":{"start":{"line":32,"column":8},"end":{"line":32,"column":39}},"7":{"start":{"line":33,"column":8},"end":{"line":33,"column":38}},"8":{"start":{"line":34,"column":8},"end":{"line":34,"column":41}},"9":{"start":{"line":38,"column":8},"end":{"line":38,"column":106}},"10":{"start":{"line":39,"column":8},"end":{"line":39,"column":38}},"11":{"start":{"line":40,"column":8},"end":{"line":40,"column":41}},"12":{"start":{"line":41,"column":8},"end":{"line":41,"column":19}},"13":{"start":{"line":53,"column":8},"end":{"line":53,"column":57}},"14":{"start":{"line":54,"column":8},"end":{"line":54,"column":101}},"15":{"start":{"line":68,"column":8},"end":{"line":68,"column":57}},"16":{"start":{"line":70,"column":8},"end":{"line":70,"column":22}},"17":{"start":{"line":71,"column":8},"end":{"line":71,"column":22}},"18":{"start":{"line":72,"column":8},"end":{"line":72,"column":3028}},"19":{"start":{"line":73,"column":12},"end":{"line":73,"column":118}},"20":{"start":{"line":74,"column":12},"end":{"line":74,"column":56}},"21":{"start":{"line":75,"column":12},"end":{"line":75,"column":115}},"22":{"start":{"line":76,"column":12},"end":{"line":76,"column":3400}},"23":{"start":{"line":77,"column":16},"end":{"line":77,"column":93}},"24":{"start":{"line":78,"column":16},"end":{"line":78,"column":46}},"25":{"start":{"line":80,"column":16},"end":{"line":80,"column":3634}},"26":{"start":{"line":81,"column":20},"end":{"line":81,"column":3725}},"27":{"start":{"line":82,"column":24},"end":{"line":82,"column":136}},"28":{"start":{"line":84,"column":24},"end":{"line":84,"column":116}},"29":{"start":{"line":90,"column":16},"end":{"line":90,"column":97}},"30":{"start":{"line":93,"column":8},"end":{"line":93,"column":68}},"31":{"start":{"line":96,"column":8},"end":{"line":96,"column":4426}},"32":{"start":{"line":97,"column":12},"end":{"line":97,"column":115}},"33":{"start":{"line":98,"column":12},"end":{"line":98,"column":4618}},"34":{"start":{"line":99,"column":16},"end":{"line":99,"column":111}},"35":{"start":{"line":101,"column":16},"end":{"line":101,"column":115}},"36":{"start":{"line":102,"column":16},"end":{"line":102,"column":149}},"37":{"start":{"line":109,"column":8},"end":{"line":109,"column":57}},"38":{"start":{"line":110,"column":8},"end":{"line":110,"column":5241}},"39":{"start":{"line":111,"column":12},"end":{"line":111,"column":5332}},"40":{"start":{"line":112,"column":16},"end":{"line":112,"column":124}},"41":{"start":{"line":127,"column":8},"end":{"line":127,"column":107}},"42":{"start":{"line":129,"column":8},"end":{"line":129,"column":101}},"43":{"start":{"line":130,"column":8},"end":{"line":130,"column":102}},"44":{"start":{"line":131,"column":8},"end":{"line":131,"column":6245}},"45":{"start":{"line":135,"column":12},"end":{"line":135,"column":157}},"46":{"start":{"line":138,"column":12},"end":{"line":138,"column":157}},"47":{"start":{"line":142,"column":12},"end":{"line":142,"column":179}},"48":{"start":{"line":146,"column":12},"end":{"line":146,"column":73}},"49":{"start":{"line":148,"column":12},"end":{"line":148,"column":132}},"50":{"start":{"line":150,"column":12},"end":{"line":150,"column":82}},"51":{"start":{"line":152,"column":12},"end":{"line":152,"column":195}},"52":{"start":{"line":155,"column":12},"end":{"line":155,"column":157}},"53":{"start":{"line":158,"column":12},"end":{"line":158,"column":188}},"54":{"start":{"line":162,"column":12},"end":{"line":162,"column":194}},"55":{"start":{"line":164,"column":8},"end":{"line":164,"column":105}},"56":{"start":{"line":165,"column":8},"end":{"line":165,"column":45}},"57":{"start":{"line":166,"column":8},"end":{"line":166,"column":26}},"58":{"start":{"line":172,"column":8},"end":{"line":172,"column":57}},"59":{"start":{"line":173,"column":8},"end":{"line":173,"column":67}},"60":{"start":{"line":181,"column":8},"end":{"line":181,"column":38}},"61":{"start":{"line":182,"column":8},"end":{"line":182,"column":36}},"62":{"start":{"line":183,"column":8},"end":{"line":183,"column":65}},"63":{"start":{"line":184,"column":8},"end":{"line":184,"column":9358}},"64":{"start":{"line":186,"column":12},"end":{"line":186,"column":82}},"65":{"start":{"line":188,"column":12},"end":{"line":188,"column":122}},"66":{"start":{"line":189,"column":12},"end":{"line":189,"column":39}},"67":{"start":{"line":190,"column":12},"end":{"line":190,"column":78}},"68":{"start":{"line":192,"column":12},"end":{"line":192,"column":9913}},"69":{"start":{"line":193,"column":16},"end":{"line":193,"column":84}},"70":{"start":{"line":194,"column":16},"end":{"line":194,"column":120}},"71":{"start":{"line":198,"column":16},"end":{"line":198,"column":106}},"72":{"start":{"line":201,"column":8},"end":{"line":201,"column":19}},"73":{"start":{"line":205,"column":8},"end":{"line":205,"column":92}},"74":{"start":{"line":209,"column":8},"end":{"line":209,"column":66}},"75":{"start":{"line":213,"column":8},"end":{"line":213,"column":57}},"76":{"start":{"line":214,"column":8},"end":{"line":214,"column":63}},"77":{"start":{"line":222,"column":8},"end":{"line":222,"column":98}},"78":{"start":{"line":223,"column":8},"end":{"line":223,"column":55}},"79":{"start":{"line":224,"column":8},"end":{"line":224,"column":80}},"80":{"start":{"line":225,"column":8},"end":{"line":225,"column":80}},"81":{"start":{"line":226,"column":8},"end":{"line":226,"column":83}},"82":{"start":{"line":227,"column":8},"end":{"line":227,"column":19}},"83":{"start":{"line":231,"column":8},"end":{"line":231,"column":77}},"84":{"start":{"line":235,"column":8},"end":{"line":235,"column":88}},"85":{"start":{"line":236,"column":8},"end":{"line":236,"column":28}},"86":{"start":{"line":236,"column":20},"end":{"line":236,"column":28}},"87":{"start":{"line":237,"column":8},"end":{"line":237,"column":69}},"88":{"start":{"line":247,"column":8},"end":{"line":247,"column":98}},"89":{"start":{"line":248,"column":8},"end":{"line":248,"column":55}},"90":{"start":{"line":249,"column":8},"end":{"line":249,"column":135}},"91":{"start":{"line":250,"column":8},"end":{"line":250,"column":94}},"92":{"start":{"line":261,"column":8},"end":{"line":261,"column":57}},"93":{"start":{"line":262,"column":8},"end":{"line":262,"column":82}},"94":{"start":{"line":263,"column":8},"end":{"line":263,"column":52}},"95":{"start":{"line":264,"column":8},"end":{"line":264,"column":128}},"96":{"start":{"line":267,"column":8},"end":{"line":267,"column":67}},"97":{"start":{"line":273,"column":8},"end":{"line":273,"column":80}},"98":{"start":{"line":274,"column":8},"end":{"line":274,"column":13987}},"99":{"start":{"line":275,"column":12},"end":{"line":275,"column":14054}},"100":{"start":{"line":276,"column":16},"end":{"line":276,"column":32}},"101":{"start":{"line":279,"column":8},"end":{"line":279,"column":25}},"102":{"start":{"line":289,"column":8},"end":{"line":289,"column":148}},"103":{"start":{"line":294,"column":8},"end":{"line":294,"column":55}},"104":{"start":{"line":295,"column":8},"end":{"line":295,"column":29}},"105":{"start":{"line":296,"column":8},"end":{"line":296,"column":14846}},"106":{"start":{"line":297,"column":12},"end":{"line":297,"column":53}},"107":{"start":{"line":298,"column":12},"end":{"line":298,"column":31}},"108":{"start":{"line":300,"column":8},"end":{"line":300,"column":21}}},"branchMap":{"1":{"line":28,"type":"if","locations":[{"start":{"line":28,"column":8},"end":{"line":28,"column":8}},{"start":{"line":28,"column":8},"end":{"line":28,"column":8}}]},"2":{"line":29,"type":"if","locations":[{"start":{"line":29,"column":8},"end":{"line":29,"column":8}},{"start":{"line":29,"column":8},"end":{"line":29,"column":8}}]},"3":{"line":30,"type":"if","locations":[{"start":{"line":30,"column":8},"end":{"line":30,"column":8}},{"start":{"line":30,"column":8},"end":{"line":30,"column":8}}]},"4":{"line":38,"type":"if","locations":[{"start":{"line":38,"column":8},"end":{"line":38,"column":8}},{"start":{"line":38,"column":8},"end":{"line":38,"column":8}}]},"5":{"line":73,"type":"if","locations":[{"start":{"line":73,"column":12},"end":{"line":73,"column":12}},{"start":{"line":73,"column":12},"end":{"line":73,"column":12}}]},"6":{"line":76,"type":"if","locations":[{"start":{"line":76,"column":12},"end":{"line":76,"column":12}},{"start":{"line":76,"column":12},"end":{"line":76,"column":12}}]},"7":{"line":80,"type":"if","locations":[{"start":{"line":80,"column":16},"end":{"line":80,"column":16}},{"start":{"line":80,"column":16},"end":{"line":80,"column":16}}]},"8":{"line":81,"type":"if","locations":[{"start":{"line":81,"column":20},"end":{"line":81,"column":20}},{"start":{"line":81,"column":20},"end":{"line":81,"column":20}}]},"9":{"line":82,"type":"if","locations":[{"start":{"line":82,"column":24},"end":{"line":82,"column":24}},{"start":{"line":82,"column":24},"end":{"line":82,"column":24}}]},"10":{"line":84,"type":"if","locations":[{"start":{"line":84,"column":24},"end":{"line":84,"column":24}},{"start":{"line":84,"column":24},"end":{"line":84,"column":24}}]},"11":{"line":90,"type":"if","locations":[{"start":{"line":90,"column":16},"end":{"line":90,"column":16}},{"start":{"line":90,"column":16},"end":{"line":90,"column":16}}]},"12":{"line":93,"type":"if","locations":[{"start":{"line":93,"column":8},"end":{"line":93,"column":8}},{"start":{"line":93,"column":8},"end":{"line":93,"column":8}}]},"13":{"line":98,"type":"if","locations":[{"start":{"line":98,"column":12},"end":{"line":98,"column":12}},{"start":{"line":98,"column":12},"end":{"line":98,"column":12}}]},"14":{"line":101,"type":"if","locations":[{"start":{"line":101,"column":16},"end":{"line":101,"column":16}},{"start":{"line":101,"column":16},"end":{"line":101,"column":16}}]},"15":{"line":111,"type":"if","locations":[{"start":{"line":111,"column":12},"end":{"line":111,"column":12}},{"start":{"line":111,"column":12},"end":{"line":111,"column":12}}]},"16":{"line":112,"type":"if","locations":[{"start":{"line":112,"column":16},"end":{"line":112,"column":16}},{"start":{"line":112,"column":16},"end":{"line":112,"column":16}}]},"17":{"line":127,"type":"if","locations":[{"start":{"line":127,"column":8},"end":{"line":127,"column":8}},{"start":{"line":127,"column":8},"end":{"line":127,"column":8}}]},"18":{"line":129,"type":"if","locations":[{"start":{"line":129,"column":8},"end":{"line":129,"column":8}},{"start":{"line":129,"column":8},"end":{"line":129,"column":8}}]},"19":{"line":131,"type":"if","locations":[{"start":{"line":131,"column":8},"end":{"line":131,"column":8}},{"start":{"line":131,"column":8},"end":{"line":131,"column":8}}]},"20":{"line":148,"type":"if","locations":[{"start":{"line":148,"column":12},"end":{"line":148,"column":12}},{"start":{"line":148,"column":12},"end":{"line":148,"column":12}}]},"21":{"line":164,"type":"if","locations":[{"start":{"line":164,"column":8},"end":{"line":164,"column":8}},{"start":{"line":164,"column":8},"end":{"line":164,"column":8}}]},"22":{"line":186,"type":"if","locations":[{"start":{"line":186,"column":12},"end":{"line":186,"column":12}},{"start":{"line":186,"column":12},"end":{"line":186,"column":12}}]},"23":{"line":192,"type":"if","locations":[{"start":{"line":192,"column":12},"end":{"line":192,"column":12}},{"start":{"line":192,"column":12},"end":{"line":192,"column":12}}]},"24":{"line":223,"type":"if","locations":[{"start":{"line":223,"column":8},"end":{"line":223,"column":8}},{"start":{"line":223,"column":8},"end":{"line":223,"column":8}}]},"25":{"line":225,"type":"if","locations":[{"start":{"line":225,"column":8},"end":{"line":225,"column":8}},{"start":{"line":225,"column":8},"end":{"line":225,"column":8}}]},"26":{"line":226,"type":"if","locations":[{"start":{"line":226,"column":8},"end":{"line":226,"column":8}},{"start":{"line":226,"column":8},"end":{"line":226,"column":8}}]},"27":{"line":236,"type":"if","locations":[{"start":{"line":236,"column":8},"end":{"line":236,"column":8}},{"start":{"line":236,"column":8},"end":{"line":236,"column":8}}]},"28":{"line":248,"type":"if","locations":[{"start":{"line":248,"column":8},"end":{"line":248,"column":8}},{"start":{"line":248,"column":8},"end":{"line":248,"column":8}}]},"29":{"line":249,"type":"if","locations":[{"start":{"line":249,"column":8},"end":{"line":249,"column":8}},{"start":{"line":249,"column":8},"end":{"line":249,"column":8}}]},"30":{"line":263,"type":"if","locations":[{"start":{"line":263,"column":8},"end":{"line":263,"column":8}},{"start":{"line":263,"column":8},"end":{"line":263,"column":8}}]},"31":{"line":264,"type":"if","locations":[{"start":{"line":264,"column":8},"end":{"line":264,"column":8}},{"start":{"line":264,"column":8},"end":{"line":264,"column":8}}]},"32":{"line":275,"type":"if","locations":[{"start":{"line":275,"column":12},"end":{"line":275,"column":12}},{"start":{"line":275,"column":12},"end":{"line":275,"column":12}}]}}},"contracts/StorageStructure.sol":{"l":{"84":726},"path":"/home/svm/src/treetrunk-nft/solidity/contracts/StorageStructure.sol","s":{"1":726},"b":{},"f":{"1":726},"fnMap":{"1":{"name":"_isSameString","line":83,"loc":{"start":{"line":83,"column":4},"end":{"line":85,"column":4}}}},"statementMap":{"1":{"start":{"line":84,"column":8},"end":{"line":84,"column":86}}},"branchMap":{}}}