{
"contracts/ERC20Token.sol":{"l":{"38":3,"39":3,"40":3,"47":0,"56":0,"71":0,"84":0,"85":0,"102":0,"104":0,"105":0,"106":0,"122":0,"123":0,"124":0,"125":0,"142":0,"144":0,"147":0,"148":0,"165":0,"167":0,"170":0,"171":0,"185":0,"187":0,"188":0,"189":0,"200":0,"202":0,"203":0,"204":0,"214":0,"216":0,"217":0,"218":0,"230":0,"233":0,"234":0},"path":"/Users/kimyongjun/DEV/multi-fnft/contracts/ERC20Token.sol","s":{"1":3,"2":3,"3":3,"4":0,"5":0,"6":0,"7":0,"8":0,"9":0,"10":0,"11":0,"12":0,"13":0,"14":0,"15":0,"16":0,"17":0,"18":0,"19":0,"20":0,"21":0,"22":0,"23":0,"24":0,"25":0,"26":0,"27":0,"28":0,"29":0,"30":0,"31":0,"32":0,"33":0,"34":0,"35":0,"36":0,"37":0,"38":0,"39":0},"b":{"1":[0,0],"2":[0,0],"3":[0,0],"4":[0,0],"5":[0,0],"6":[0,0]},"f":{"1":3,"2":0,"3":0,"4":0,"5":0,"6":0,"7":0,"8":0,"9":0,"10":0,"11":0,"12":0,"13":0},"fnMap":{"1":{"name":"constructor","line":37,"loc":{"start":{"line":37,"column":4},"end":{"line":41,"column":4}}},"2":{"name":"totalSupply","line":46,"loc":{"start":{"line":46,"column":4},"end":{"line":48,"column":4}}},"3":{"name":"balanceOf","line":55,"loc":{"start":{"line":55,"column":4},"end":{"line":57,"column":4}}},"4":{"name":"allowance","line":65,"loc":{"start":{"line":65,"column":4},"end":{"line":72,"column":4}}},"5":{"name":"transfer","line":79,"loc":{"start":{"line":79,"column":4},"end":{"line":86,"column":4}}},"6":{"name":"approve","line":97,"loc":{"start":{"line":97,"column":4},"end":{"line":107,"column":4}}},"7":{"name":"transferFrom","line":117,"loc":{"start":{"line":117,"column":4},"end":{"line":126,"column":4}}},"8":{"name":"increaseAllowance","line":138,"loc":{"start":{"line":138,"column":4},"end":{"line":149,"column":4}}},"9":{"name":"decreaseAllowance","line":161,"loc":{"start":{"line":161,"column":4},"end":{"line":172,"column":4}}},"10":{"name":"_transfer","line":180,"loc":{"start":{"line":180,"column":4},"end":{"line":190,"column":4}}},"11":{"name":"_mint","line":199,"loc":{"start":{"line":199,"column":4},"end":{"line":205,"column":4}}},"12":{"name":"_burn","line":213,"loc":{"start":{"line":213,"column":4},"end":{"line":219,"column":4}}},"13":{"name":"_burnFrom","line":229,"loc":{"start":{"line":229,"column":4},"end":{"line":235,"column":4}}}},"statementMap":{"1":{"start":{"line":38,"column":8},"end":{"line":38,"column":34}},"2":{"start":{"line":39,"column":8},"end":{"line":39,"column":43}},"3":{"start":{"line":40,"column":8},"end":{"line":40,"column":26}},"4":{"start":{"line":47,"column":8},"end":{"line":47,"column":27}},"5":{"start":{"line":56,"column":8},"end":{"line":56,"column":31}},"6":{"start":{"line":71,"column":8},"end":{"line":71,"column":39}},"7":{"start":{"line":84,"column":8},"end":{"line":84,"column":39}},"8":{"start":{"line":85,"column":8},"end":{"line":85,"column":19}},"9":{"start":{"line":102,"column":8},"end":{"line":102,"column":37}},"10":{"start":{"line":104,"column":8},"end":{"line":104,"column":44}},"11":{"start":{"line":105,"column":8},"end":{"line":105,"column":49}},"12":{"start":{"line":106,"column":8},"end":{"line":106,"column":19}},"13":{"start":{"line":122,"column":8},"end":{"line":122,"column":73}},"14":{"start":{"line":123,"column":8},"end":{"line":123,"column":33}},"15":{"start":{"line":124,"column":8},"end":{"line":124,"column":67}},"16":{"start":{"line":125,"column":8},"end":{"line":125,"column":19}},"17":{"start":{"line":142,"column":8},"end":{"line":142,"column":37}},"18":{"start":{"line":144,"column":8},"end":{"line":144,"column":5007}},"19":{"start":{"line":147,"column":8},"end":{"line":147,"column":73}},"20":{"start":{"line":148,"column":8},"end":{"line":148,"column":19}},"21":{"start":{"line":165,"column":8},"end":{"line":165,"column":37}},"22":{"start":{"line":167,"column":8},"end":{"line":167,"column":5879}},"23":{"start":{"line":170,"column":8},"end":{"line":170,"column":73}},"24":{"start":{"line":171,"column":8},"end":{"line":171,"column":19}},"25":{"start":{"line":185,"column":8},"end":{"line":185,"column":32}},"26":{"start":{"line":187,"column":8},"end":{"line":187,"column":51}},"27":{"start":{"line":188,"column":8},"end":{"line":188,"column":47}},"28":{"start":{"line":189,"column":8},"end":{"line":189,"column":38}},"29":{"start":{"line":200,"column":8},"end":{"line":200,"column":37}},"30":{"start":{"line":202,"column":8},"end":{"line":202,"column":45}},"31":{"start":{"line":203,"column":8},"end":{"line":203,"column":57}},"32":{"start":{"line":204,"column":8},"end":{"line":204,"column":49}},"33":{"start":{"line":214,"column":8},"end":{"line":214,"column":37}},"34":{"start":{"line":216,"column":8},"end":{"line":216,"column":45}},"35":{"start":{"line":217,"column":8},"end":{"line":217,"column":57}},"36":{"start":{"line":218,"column":8},"end":{"line":218,"column":49}},"37":{"start":{"line":230,"column":8},"end":{"line":230,"column":8145}},"38":{"start":{"line":233,"column":8},"end":{"line":233,"column":28}},"39":{"start":{"line":234,"column":8},"end":{"line":234,"column":73}}},"branchMap":{"1":{"line":102,"type":"if","locations":[{"start":{"line":102,"column":8},"end":{"line":102,"column":8}},{"start":{"line":102,"column":8},"end":{"line":102,"column":8}}]},"2":{"line":142,"type":"if","locations":[{"start":{"line":142,"column":8},"end":{"line":142,"column":8}},{"start":{"line":142,"column":8},"end":{"line":142,"column":8}}]},"3":{"line":165,"type":"if","locations":[{"start":{"line":165,"column":8},"end":{"line":165,"column":8}},{"start":{"line":165,"column":8},"end":{"line":165,"column":8}}]},"4":{"line":185,"type":"if","locations":[{"start":{"line":185,"column":8},"end":{"line":185,"column":8}},{"start":{"line":185,"column":8},"end":{"line":185,"column":8}}]},"5":{"line":200,"type":"if","locations":[{"start":{"line":200,"column":8},"end":{"line":200,"column":8}},{"start":{"line":200,"column":8},"end":{"line":200,"column":8}}]},"6":{"line":214,"type":"if","locations":[{"start":{"line":214,"column":8},"end":{"line":214,"column":8}},{"start":{"line":214,"column":8},"end":{"line":214,"column":8}}]}}},
"contracts/helper/Verifier.sol":{"l":{"11":23,"12":23,"23":0,"24":0,"28":0,"32":22},"path":"/Users/kimyongjun/DEV/multi-fnft/contracts/helper/Verifier.sol","s":{"1":23,"2":23,"3":0,"4":0,"5":0},"b":{"1":[21,2],"2":[0,0]},"f":{"1":23,"2":0,"3":22},"fnMap":{"1":{"name":"verifyOwnership","line":6,"loc":{"start":{"line":6,"column":4},"end":{"line":16,"column":4}}},"2":{"name":"getOwner","line":18,"loc":{"start":{"line":18,"column":4},"end":{"line":29,"column":4}}},"3":{"name":"bytesToAddress","line":31,"loc":{"start":{"line":31,"column":4},"end":{"line":35,"column":4}}}},"statementMap":{"1":{"start":{"line":11,"column":8},"end":{"line":11,"column":99}},"2":{"start":{"line":12,"column":8},"end":{"line":12,"column":350}},"3":{"start":{"line":23,"column":8},"end":{"line":23,"column":99}},"4":{"start":{"line":24,"column":8},"end":{"line":24,"column":806}},"5":{"start":{"line":28,"column":8},"end":{"line":28,"column":35}}},"branchMap":{"1":{"line":12,"type":"if","locations":[{"start":{"line":12,"column":8},"end":{"line":12,"column":8}},{"start":{"line":12,"column":8},"end":{"line":12,"column":8}}]},"2":{"line":24,"type":"if","locations":[{"start":{"line":24,"column":8},"end":{"line":24,"column":8}},{"start":{"line":24,"column":8},"end":{"line":24,"column":8}}]}}},
"contracts/interface/IERC20.sol":{"l":{},"path":"/Users/kimyongjun/DEV/multi-fnft/contracts/interface/IERC20.sol","s":{},"b":{},"f":{},"fnMap":{},"statementMap":{},"branchMap":{}},
"contracts/interface/IERC721.sol":{"l":{},"path":"/Users/kimyongjun/DEV/multi-fnft/contracts/interface/IERC721.sol","s":{},"b":{},"f":{},"fnMap":{},"statementMap":{},"branchMap":{}},
"contracts/interface/IMFNFT.sol":{"l":{},"path":"/Users/kimyongjun/DEV/multi-fnft/contracts/interface/IMFNFT.sol","s":{},"b":{},"f":{},"fnMap":{},"statementMap":{},"branchMap":{}},
"contracts/math/SafeMath.sol":{"l":{"16":0,"17":0,"20":0,"21":0,"23":0,"31":0,"32":0,"35":0,"42":7,"43":4,"45":4,"52":3,"53":3,"55":3,"63":0,"64":0},"path":"/Users/kimyongjun/DEV/multi-fnft/contracts/math/SafeMath.sol","s":{"1":0,"2":0,"3":0,"4":0,"5":0,"6":0,"7":0,"8":0,"9":7,"10":4,"11":4,"12":3,"13":3,"14":3,"15":0,"16":0},"b":{"1":[0,0],"2":[0,0],"3":[0,0],"4":[4,3],"5":[3,0],"6":[0,0]},"f":{"1":0,"2":0,"3":7,"4":3,"5":0},"fnMap":{"1":{"name":"mul","line":12,"loc":{"start":{"line":12,"column":4},"end":{"line":24,"column":4}}},"2":{"name":"div","line":29,"loc":{"start":{"line":29,"column":4},"end":{"line":36,"column":4}}},"3":{"name":"sub","line":41,"loc":{"start":{"line":41,"column":4},"end":{"line":46,"column":4}}},"4":{"name":"add","line":51,"loc":{"start":{"line":51,"column":4},"end":{"line":56,"column":4}}},"5":{"name":"mod","line":62,"loc":{"start":{"line":62,"column":4},"end":{"line":65,"column":4}}}},"statementMap":{"1":{"start":{"line":16,"column":8},"end":{"line":16,"column":564}},"2":{"start":{"line":17,"column":12},"end":{"line":17,"column":20}},"3":{"start":{"line":20,"column":8},"end":{"line":20,"column":25}},"4":{"start":{"line":21,"column":8},"end":{"line":21,"column":26}},"5":{"start":{"line":23,"column":8},"end":{"line":23,"column":16}},"6":{"start":{"line":31,"column":8},"end":{"line":31,"column":21}},"7":{"start":{"line":32,"column":8},"end":{"line":32,"column":25}},"8":{"start":{"line":35,"column":8},"end":{"line":35,"column":16}},"9":{"start":{"line":42,"column":8},"end":{"line":42,"column":22}},"10":{"start":{"line":43,"column":8},"end":{"line":43,"column":25}},"11":{"start":{"line":45,"column":8},"end":{"line":45,"column":16}},"12":{"start":{"line":52,"column":8},"end":{"line":52,"column":25}},"13":{"start":{"line":53,"column":8},"end":{"line":53,"column":22}},"14":{"start":{"line":55,"column":8},"end":{"line":55,"column":16}},"15":{"start":{"line":63,"column":8},"end":{"line":63,"column":22}},"16":{"start":{"line":64,"column":8},"end":{"line":64,"column":20}}},"branchMap":{"1":{"line":16,"type":"if","locations":[{"start":{"line":16,"column":8},"end":{"line":16,"column":8}},{"start":{"line":16,"column":8},"end":{"line":16,"column":8}}]},"2":{"line":21,"type":"if","locations":[{"start":{"line":21,"column":8},"end":{"line":21,"column":8}},{"start":{"line":21,"column":8},"end":{"line":21,"column":8}}]},"3":{"line":31,"type":"if","locations":[{"start":{"line":31,"column":8},"end":{"line":31,"column":8}},{"start":{"line":31,"column":8},"end":{"line":31,"column":8}}]},"4":{"line":42,"type":"if","locations":[{"start":{"line":42,"column":8},"end":{"line":42,"column":8}},{"start":{"line":42,"column":8},"end":{"line":42,"column":8}}]},"5":{"line":53,"type":"if","locations":[{"start":{"line":53,"column":8},"end":{"line":53,"column":8}},{"start":{"line":53,"column":8},"end":{"line":53,"column":8}}]},"6":{"line":63,"type":"if","locations":[{"start":{"line":63,"column":8},"end":{"line":63,"column":8}},{"start":{"line":63,"column":8},"end":{"line":63,"column":8}}]}}},
"contracts/MFNFT.sol":{"l":{"49":17,"57":26,"58":25,"71":24,"83":1,"101":25,"105":24,"110":23,"112":21,"114":21,"116":21,"117":21,"119":21,"120":21,"122":21,"139":26,"147":1,"155":1,"163":1,"175":1,"189":1,"203":5,"216":3,"217":1,"234":6,"236":5,"237":5,"238":5,"255":2,"258":1,"259":1,"265":1,"283":2,"285":1,"289":1,"295":1,"313":3,"315":2,"318":1,"324":1,"339":4,"341":3,"342":2,"344":2},"path":"/Users/kimyongjun/DEV/multi-fnft/contracts/MFNFT.sol","s":{"1":17,"2":26,"3":24,"4":1,"5":25,"6":24,"7":23,"8":21,"9":21,"10":21,"11":21,"12":21,"13":21,"14":26,"15":1,"16":1,"17":1,"18":1,"19":1,"20":5,"21":3,"22":1,"23":6,"24":5,"25":5,"26":5,"27":2,"28":1,"29":1,"30":1,"31":2,"32":1,"33":1,"34":1,"35":3,"36":2,"37":1,"38":1,"39":4,"40":3,"41":2,"42":2},"b":{"1":[25,1],"2":[24,1],"3":[23,1],"4":[5,1],"5":[1,1],"6":[2,1],"7":[3,1]},"f":{"1":17,"2":26,"3":24,"4":1,"5":25,"6":26,"7":1,"8":1,"9":1,"10":1,"11":1,"12":5,"13":3,"14":6,"15":2,"16":2,"17":3,"18":4},"fnMap":{"1":{"name":"constructor","line":48,"loc":{"start":{"line":48,"column":4},"end":{"line":50,"column":4}}},"2":{"name":"onlyAdmin","line":56,"loc":{"start":{"line":56,"column":4},"end":{"line":59,"column":4}}},"3":{"name":"onERC721Received","line":65,"loc":{"start":{"line":65,"column":4},"end":{"line":72,"column":4}}},"4":{"name":"supportsInterface","line":78,"loc":{"start":{"line":78,"column":4},"end":{"line":89,"column":4}}},"5":{"name":"setParentNFT","line":100,"loc":{"start":{"line":96,"column":4},"end":{"line":128,"column":4}}},"6":{"name":"getTokenId","line":134,"loc":{"start":{"line":134,"column":4},"end":{"line":140,"column":4}}},"7":{"name":"isRegistered","line":146,"loc":{"start":{"line":146,"column":4},"end":{"line":148,"column":4}}},"8":{"name":"parentToken","line":154,"loc":{"start":{"line":154,"column":4},"end":{"line":156,"column":4}}},"9":{"name":"parentTokenId","line":162,"loc":{"start":{"line":162,"column":4},"end":{"line":164,"column":4}}},"10":{"name":"totalSupply","line":169,"loc":{"start":{"line":169,"column":4},"end":{"line":176,"column":4}}},"11":{"name":"balanceOf","line":183,"loc":{"start":{"line":183,"column":4},"end":{"line":190,"column":4}}},"12":{"name":"allowance","line":198,"loc":{"start":{"line":198,"column":4},"end":{"line":204,"column":4}}},"13":{"name":"transfer","line":211,"loc":{"start":{"line":211,"column":4},"end":{"line":218,"column":4}}},"14":{"name":"approve","line":229,"loc":{"start":{"line":229,"column":4},"end":{"line":239,"column":4}}},"15":{"name":"transferFrom","line":249,"loc":{"start":{"line":249,"column":4},"end":{"line":266,"column":4}}},"16":{"name":"increaseAllowance","line":278,"loc":{"start":{"line":278,"column":4},"end":{"line":296,"column":4}}},"17":{"name":"decreaseAllowance","line":308,"loc":{"start":{"line":308,"column":4},"end":{"line":325,"column":4}}},"18":{"name":"_transfer","line":333,"loc":{"start":{"line":333,"column":4},"end":{"line":345,"column":4}}}},"statementMap":{"1":{"start":{"line":49,"column":8},"end":{"line":49,"column":26}},"2":{"start":{"line":57,"column":8},"end":{"line":57,"column":36}},"3":{"start":{"line":71,"column":8},"end":{"line":71,"column":45}},"4":{"start":{"line":83,"column":8},"end":{"line":83,"column":2172}},"5":{"start":{"line":101,"column":8},"end":{"line":101,"column":2825}},"6":{"start":{"line":105,"column":8},"end":{"line":105,"column":2979}},"7":{"start":{"line":110,"column":8},"end":{"line":110,"column":66}},"8":{"start":{"line":114,"column":8},"end":{"line":114,"column":61}},"9":{"start":{"line":116,"column":8},"end":{"line":116,"column":51}},"10":{"start":{"line":117,"column":8},"end":{"line":117,"column":45}},"11":{"start":{"line":119,"column":8},"end":{"line":119,"column":38}},"12":{"start":{"line":120,"column":8},"end":{"line":120,"column":47}},"13":{"start":{"line":122,"column":8},"end":{"line":122,"column":3510}},"14":{"start":{"line":139,"column":8},"end":{"line":139,"column":35}},"15":{"start":{"line":147,"column":8},"end":{"line":147,"column":42}},"16":{"start":{"line":155,"column":8},"end":{"line":155,"column":36}},"17":{"start":{"line":163,"column":8},"end":{"line":163,"column":38}},"18":{"start":{"line":175,"column":8},"end":{"line":175,"column":36}},"19":{"start":{"line":189,"column":8},"end":{"line":189,"column":40}},"20":{"start":{"line":203,"column":8},"end":{"line":203,"column":48}},"21":{"start":{"line":216,"column":8},"end":{"line":216,"column":48}},"22":{"start":{"line":217,"column":8},"end":{"line":217,"column":19}},"23":{"start":{"line":234,"column":8},"end":{"line":234,"column":37}},"24":{"start":{"line":236,"column":8},"end":{"line":236,"column":53}},"25":{"start":{"line":237,"column":8},"end":{"line":237,"column":58}},"26":{"start":{"line":238,"column":8},"end":{"line":238,"column":19}},"27":{"start":{"line":255,"column":8},"end":{"line":255,"column":7931}},"28":{"start":{"line":258,"column":8},"end":{"line":258,"column":42}},"29":{"start":{"line":259,"column":8},"end":{"line":259,"column":8082}},"30":{"start":{"line":265,"column":8},"end":{"line":265,"column":19}},"31":{"start":{"line":283,"column":8},"end":{"line":283,"column":37}},"32":{"start":{"line":285,"column":8},"end":{"line":285,"column":8947}},"33":{"start":{"line":289,"column":8},"end":{"line":289,"column":9068}},"34":{"start":{"line":295,"column":8},"end":{"line":295,"column":19}},"35":{"start":{"line":313,"column":8},"end":{"line":313,"column":37}},"36":{"start":{"line":315,"column":8},"end":{"line":315,"column":9954}},"37":{"start":{"line":318,"column":8},"end":{"line":318,"column":10066}},"38":{"start":{"line":324,"column":8},"end":{"line":324,"column":19}},"39":{"start":{"line":339,"column":8},"end":{"line":339,"column":32}},"40":{"start":{"line":341,"column":8},"end":{"line":341,"column":69}},"41":{"start":{"line":342,"column":8},"end":{"line":342,"column":65}},"42":{"start":{"line":344,"column":8},"end":{"line":344,"column":47}}},"branchMap":{"1":{"line":57,"type":"if","locations":[{"start":{"line":57,"column":8},"end":{"line":57,"column":8}},{"start":{"line":57,"column":8},"end":{"line":57,"column":8}}]},"2":{"line":101,"type":"if","locations":[{"start":{"line":101,"column":8},"end":{"line":101,"column":8}},{"start":{"line":101,"column":8},"end":{"line":101,"column":8}}]},"3":{"line":105,"type":"if","locations":[{"start":{"line":105,"column":8},"end":{"line":105,"column":8}},{"start":{"line":105,"column":8},"end":{"line":105,"column":8}}]},"4":{"line":234,"type":"if","locations":[{"start":{"line":234,"column":8},"end":{"line":234,"column":8}},{"start":{"line":234,"column":8},"end":{"line":234,"column":8}}]},"5":{"line":283,"type":"if","locations":[{"start":{"line":283,"column":8},"end":{"line":283,"column":8}},{"start":{"line":283,"column":8},"end":{"line":283,"column":8}}]},"6":{"line":313,"type":"if","locations":[{"start":{"line":313,"column":8},"end":{"line":313,"column":8}},{"start":{"line":313,"column":8},"end":{"line":313,"column":8}}]},"7":{"line":339,"type":"if","locations":[{"start":{"line":339,"column":8},"end":{"line":339,"column":8}},{"start":{"line":339,"column":8},"end":{"line":339,"column":8}}]}}},
"contracts/NFT.sol":{"l":{"13":24,"17":0,"24":25,"33":0},"path":"/Users/kimyongjun/DEV/multi-fnft/contracts/NFT.sol","s":{"1":24,"2":0,"3":25,"4":0},"b":{},"f":{"1":17,"2":24,"3":0,"4":25,"5":0},"fnMap":{"1":{"name":"constructor","line":10,"loc":{"start":{"line":10,"column":4},"end":{"line":10,"column":44}}},"2":{"name":"safeMint","line":12,"loc":{"start":{"line":12,"column":4},"end":{"line":14,"column":4}}},"3":{"name":"_baseURI","line":16,"loc":{"start":{"line":16,"column":4},"end":{"line":18,"column":4}}},"4":{"name":"_beforeTokenTransfer","line":20,"loc":{"start":{"line":20,"column":4},"end":{"line":25,"column":4}}},"5":{"name":"supportsInterface","line":27,"loc":{"start":{"line":27,"column":4},"end":{"line":34,"column":4}}}},"statementMap":{"1":{"start":{"line":13,"column":8},"end":{"line":13,"column":29}},"2":{"start":{"line":17,"column":8},"end":{"line":17,"column":21}},"3":{"start":{"line":24,"column":8},"end":{"line":24,"column":52}},"4":{"start":{"line":33,"column":8},"end":{"line":33,"column":51}}},"branchMap":{}}}
