TN:
SF:/Users/kimyongjun/DEV/multi-fnft/contracts/ERC20Token.sol
FN:37,constructor
FN:46,totalSupply
FN:55,balanceOf
FN:65,allowance
FN:79,transfer
FN:97,approve
FN:117,transferFrom
FN:138,increaseAllowance
FN:161,decreaseAllowance
FN:180,_transfer
FN:199,_mint
FN:213,_burn
FN:229,_burnFrom
FNF:13
FNH:1
FNDA:3,constructor
FNDA:0,totalSupply
FNDA:0,balanceOf
FNDA:0,allowance
FNDA:0,transfer
FNDA:0,approve
FNDA:0,transferFrom
FNDA:0,increaseAllowance
FNDA:0,decreaseAllowance
FNDA:0,_transfer
FNDA:0,_mint
FNDA:0,_burn
FNDA:0,_burnFrom
DA:38,3
DA:39,3
DA:40,3
DA:47,0
DA:56,0
DA:71,0
DA:84,0
DA:85,0
DA:102,0
DA:104,0
DA:105,0
DA:106,0
DA:122,0
DA:123,0
DA:124,0
DA:125,0
DA:142,0
DA:144,0
DA:147,0
DA:148,0
DA:165,0
DA:167,0
DA:170,0
DA:171,0
DA:185,0
DA:187,0
DA:188,0
DA:189,0
DA:200,0
DA:202,0
DA:203,0
DA:204,0
DA:214,0
DA:216,0
DA:217,0
DA:218,0
DA:230,0
DA:233,0
DA:234,0
LF:39
LH:3
BRDA:102,1,0,0
BRDA:102,1,1,0
BRDA:142,2,0,0
BRDA:142,2,1,0
BRDA:165,3,0,0
BRDA:165,3,1,0
BRDA:185,4,0,0
BRDA:185,4,1,0
BRDA:200,5,0,0
BRDA:200,5,1,0
BRDA:214,6,0,0
BRDA:214,6,1,0
BRF:12
BRH:0
end_of_record
TN:
SF:/Users/kimyongjun/DEV/multi-fnft/contracts/helper/Verifier.sol
FN:6,verifyOwnership
FN:18,getOwner
FN:31,bytesToAddress
FNF:3
FNH:2
FNDA:23,verifyOwnership
FNDA:0,getOwner
FNDA:22,bytesToAddress
DA:11,23
DA:12,23
DA:23,0
DA:24,0
DA:28,0
DA:32,22
LF:6
LH:3
BRDA:12,1,0,21
BRDA:12,1,1,2
BRDA:24,2,0,0
BRDA:24,2,1,0
BRF:4
BRH:2
end_of_record
TN:
SF:/Users/kimyongjun/DEV/multi-fnft/contracts/interface/IERC20.sol
FNF:0
FNH:0
LF:0
LH:0
BRF:0
BRH:0
end_of_record
TN:
SF:/Users/kimyongjun/DEV/multi-fnft/contracts/interface/IERC721.sol
FNF:0
FNH:0
LF:0
LH:0
BRF:0
BRH:0
end_of_record
TN:
SF:/Users/kimyongjun/DEV/multi-fnft/contracts/interface/IMFNFT.sol
FNF:0
FNH:0
LF:0
LH:0
BRF:0
BRH:0
end_of_record
TN:
SF:/Users/kimyongjun/DEV/multi-fnft/contracts/math/SafeMath.sol
FN:12,mul
FN:29,div
FN:41,sub
FN:51,add
FN:62,mod
FNF:5
FNH:2
FNDA:0,mul
FNDA:0,div
FNDA:7,sub
FNDA:3,add
FNDA:0,mod
DA:16,0
DA:17,0
DA:20,0
DA:21,0
DA:23,0
DA:31,0
DA:32,0
DA:35,0
DA:42,7
DA:43,4
DA:45,4
DA:52,3
DA:53,3
DA:55,3
DA:63,0
DA:64,0
LF:16
LH:6
BRDA:16,1,0,0
BRDA:16,1,1,0
BRDA:21,2,0,0
BRDA:21,2,1,0
BRDA:31,3,0,0
BRDA:31,3,1,0
BRDA:42,4,0,4
BRDA:42,4,1,3
BRDA:53,5,0,3
BRDA:53,5,1,0
BRDA:63,6,0,0
BRDA:63,6,1,0
BRF:12
BRH:3
end_of_record
TN:
SF:/Users/kimyongjun/DEV/multi-fnft/contracts/MFNFT.sol
FN:48,constructor
FN:56,onlyAdmin
FN:65,onERC721Received
FN:78,supportsInterface
FN:100,setParentNFT
FN:134,getTokenId
FN:146,isRegistered
FN:154,parentToken
FN:162,parentTokenId
FN:169,totalSupply
FN:183,balanceOf
FN:198,allowance
FN:211,transfer
FN:229,approve
FN:249,transferFrom
FN:278,increaseAllowance
FN:308,decreaseAllowance
FN:333,_transfer
FNF:18
FNH:18
FNDA:17,constructor
FNDA:26,onlyAdmin
FNDA:24,onERC721Received
FNDA:1,supportsInterface
FNDA:25,setParentNFT
FNDA:26,getTokenId
FNDA:1,isRegistered
FNDA:1,parentToken
FNDA:1,parentTokenId
FNDA:1,totalSupply
FNDA:1,balanceOf
FNDA:5,allowance
FNDA:3,transfer
FNDA:6,approve
FNDA:2,transferFrom
FNDA:2,increaseAllowance
FNDA:3,decreaseAllowance
FNDA:4,_transfer
DA:49,17
DA:57,26
DA:58,25
DA:71,24
DA:83,1
DA:101,25
DA:105,24
DA:110,23
DA:112,21
DA:114,21
DA:116,21
DA:117,21
DA:119,21
DA:120,21
DA:122,21
DA:139,26
DA:147,1
DA:155,1
DA:163,1
DA:175,1
DA:189,1
DA:203,5
DA:216,3
DA:217,1
DA:234,6
DA:236,5
DA:237,5
DA:238,5
DA:255,2
DA:258,1
DA:259,1
DA:265,1
DA:283,2
DA:285,1
DA:289,1
DA:295,1
DA:313,3
DA:315,2
DA:318,1
DA:324,1
DA:339,4
DA:341,3
DA:342,2
DA:344,2
LF:44
LH:44
BRDA:57,1,0,25
BRDA:57,1,1,1
BRDA:101,2,0,24
BRDA:101,2,1,1
BRDA:105,3,0,23
BRDA:105,3,1,1
BRDA:234,4,0,5
BRDA:234,4,1,1
BRDA:283,5,0,1
BRDA:283,5,1,1
BRDA:313,6,0,2
BRDA:313,6,1,1
BRDA:339,7,0,3
BRDA:339,7,1,1
BRF:14
BRH:14
end_of_record
TN:
SF:/Users/kimyongjun/DEV/multi-fnft/contracts/NFT.sol
FN:10,constructor
FN:12,safeMint
FN:16,_baseURI
FN:20,_beforeTokenTransfer
FN:27,supportsInterface
FNF:5
FNH:3
FNDA:17,constructor
FNDA:24,safeMint
FNDA:0,_baseURI
FNDA:25,_beforeTokenTransfer
FNDA:0,supportsInterface
DA:13,24
DA:17,0
DA:24,25
DA:33,0
LF:4
LH:2
BRF:0
BRH:0
end_of_record
